
2014-07-23 15:17:45 -- Script started
2014-07-23 15:19:07 -- CEF:0|Websense|Data Security|7.8|375631|DLP Syslog|1| act=Blocked duser=ilp@websense.com fname=c:\temp\Test.txt - 294 B msg=Endpoint file incident suser=None cat=EP Test policy PE=Policy Engine  TEG-782 
2014-07-23 15:19:13 -- CEF:0|Websense|Data Security|7.8|400759|DLP Syslog|1| act=Blocked duser=ilp@websense.com fname=c:\temp\Test.txt - 294 B msg=Endpoint file incident suser=None cat=EP Test policy PE=Policy Engine  TEG-782 
2014-07-23 15:19:18 -- CEF:0|Websense|Data Security|7.8|375652|DLP Syslog|1| act=Blocked duser=ilp@websense.com fname=c:\temp\Test.txt - 294 B msg=Endpoint file incident suser=None cat=EP Test policy PE=Policy Engine  TEG-782 
2014-07-23 15:19:23 -- CEF:0|Websense|Data Security|7.8|400780|DLP Syslog|1| act=Blocked duser=ilp@websense.com fname=c:\temp\Test.txt - 294 B msg=Endpoint file incident suser=None cat=EP Test policy PE=Policy Engine  TEG-782 
2014-07-23 15:19:29 -- CEF:0|Websense|Data Security|7.8|400787|DLP Syslog|1| act=Blocked duser=ilp@websense.com fname=c:\temp\Test.txt - 294 B msg=Endpoint file incident suser=None cat=EP Test policy PE=Policy Engine  TEG-782 
2014-07-23 15:19:29 -- CEF:0|Websense|Data Security|7.8|406798|DLP Syslog|1| act=Blocked duser=ilp@websense.com fname=c:\temp\Test.txt - 294 B msg=Endpoint file incident suser=None cat=EP Test policy PE=Policy Engine  TEG-782 
2014-07-23 15:19:35 -- CEF:0|Websense|Data Security|7.8|406805|DLP Syslog|1| act=Blocked duser=ilp@websense.com fname=c:\temp\Test.txt - 294 B msg=Endpoint file incident suser=None cat=EP Test policy PE=Policy Engine  TEG-782 
2014-07-23 15:19:41 -- CEF:0|Websense|Data Security|7.8|406883|DLP Syslog|1| act=Blocked duser=ilp@websense.com fname=c:\temp\Test.txt - 294 B msg=Endpoint file incident suser=None cat=EP Test policy PE=Policy Engine  TEG-782 
2014-07-23 15:20:20 -- Script terminated by Ctrl-C
2014-07-23 15:20:20 -- Script fired up 27 times, terminated at 2014-07-23 15:20:20 
2014-07-23 15:24:43 -- Script started
2014-07-23 15:25:46 -- CEF:0|Websense|Data Security|7.8|406299|DLP Syslog|1| act=Blocked duser=ilp@websense.com fname=c:\temp\Test.txt - 294 B msg=Endpoint file incident suser=None cat=EP Test policy PE=Policy Engine  TEG-782 
2014-07-23 15:25:46 -- CEF:0|Websense|Data Security|7.8|396419|DLP Syslog|1| act=Blocked duser=ilp@websense.com fname=c:\temp\Test.txt - 294 B msg=Endpoint file incident suser=None cat=EP Test policy PE=Policy Engine  TEG-782 
2014-07-23 15:25:46 -- CEF:0|Websense|Data Security|7.8|406306|DLP Syslog|1| act=Blocked duser=ilp@websense.com fname=c:\temp\Test.txt - 294 B msg=Endpoint file incident suser=None cat=EP Test policy PE=Policy Engine  TEG-782 
2014-07-23 15:25:46 -- CEF:0|Websense|Data Security|7.8|396426|DLP Syslog|1| act=Blocked duser=ilp@websense.com fname=c:\temp\Test.txt - 294 B msg=Endpoint file incident suser=None cat=EP Test policy PE=Policy Engine  TEG-782 
2014-07-23 15:25:46 -- CEF:0|Websense|Data Security|7.8|406313|DLP Syslog|1| act=Blocked duser=ilp@websense.com fname=c:\temp\Test.txt - 294 B msg=Endpoint file incident suser=None cat=EP Test policy PE=Policy Engine  TEG-782 
2014-07-23 15:25:46 -- CEF:0|Websense|Data Security|7.8|396433|DLP Syslog|1| act=Blocked duser=ilp@websense.com fname=c:\temp\Test.txt - 294 B msg=Endpoint file incident suser=None cat=EP Test policy PE=Policy Engine  TEG-782 
2014-07-23 15:25:46 -- CEF:0|Websense|Data Security|7.8|406320|DLP Syslog|1| act=Blocked duser=ilp@websense.com fname=c:\temp\Test.txt - 294 B msg=Endpoint file incident suser=None cat=EP Test policy PE=Policy Engine  TEG-782 
2014-07-23 15:25:46 -- CEF:0|Websense|Data Security|7.8|406940|DLP Syslog|1| act=Blocked duser=ilp@websense.com fname=c:\temp\Test.txt - 294 B msg=Endpoint file incident suser=None cat=EP Test policy PE=Policy Engine  TEG-782 
2014-07-23 15:25:46 -- CEF:0|Websense|Data Security|7.8|406327|DLP Syslog|1| act=Blocked duser=ilp@websense.com fname=c:\temp\Test.txt - 294 B msg=Endpoint file incident suser=None cat=EP Test policy PE=Policy Engine  TEG-782 
2014-07-23 15:25:46 -- CEF:0|Websense|Data Security|7.8|406947|DLP Syslog|1| act=Blocked duser=ilp@websense.com fname=c:\temp\Test.txt - 294 B msg=Endpoint file incident suser=None cat=EP Test policy PE=Policy Engine  TEG-782 
2014-07-23 15:25:46 -- CEF:0|Websense|Data Security|7.8|406334|DLP Syslog|1| act=Blocked duser=ilp@websense.com fname=c:\temp\Test.txt - 294 B msg=Endpoint file incident suser=None cat=EP Test policy PE=Policy Engine  TEG-782 
2014-07-23 15:25:46 -- CEF:0|Websense|Data Security|7.8|406954|DLP Syslog|1| act=Blocked duser=ilp@websense.com fname=c:\temp\Test.txt - 294 B msg=Endpoint file incident suser=None cat=EP Test policy PE=Policy Engine  TEG-782 
2014-07-23 15:25:46 -- CEF:0|Websense|Data Security|7.8|407016|DLP Syslog|1| act=Blocked duser=ilp@websense.com fname=c:\temp\Test.txt - 294 B msg=Endpoint file incident suser=None cat=EP Test policy PE=Policy Engine  TEG-782 
2014-07-23 15:25:46 -- CEF:0|Websense|Data Security|7.8|406961|DLP Syslog|1| act=Blocked duser=ilp@websense.com fname=c:\temp\Test.txt - 294 B msg=Endpoint file incident suser=None cat=EP Test policy PE=Policy Engine  TEG-782 
2014-07-23 15:25:46 -- CEF:0|Websense|Data Security|7.8|407023|DLP Syslog|1| act=Blocked duser=ilp@websense.com fname=c:\temp\Test.txt - 294 B msg=Endpoint file incident suser=None cat=EP Test policy PE=Policy Engine  TEG-782 
2014-07-23 15:25:46 -- CEF:0|Websense|Data Security|7.8|406968|DLP Syslog|1| act=Blocked duser=ilp@websense.com fname=c:\temp\Test.txt - 294 B msg=Endpoint file incident suser=None cat=EP Test policy PE=Policy Engine  TEG-782 
2014-07-23 15:25:46 -- CEF:0|Websense|Data Security|7.8|407030|DLP Syslog|1| act=Blocked duser=ilp@websense.com fname=c:\temp\Test.txt - 294 B msg=Endpoint file incident suser=None cat=EP Test policy PE=Policy Engine  TEG-782 
2014-07-23 15:25:46 -- CEF:0|Websense|Data Security|7.8|406975|DLP Syslog|1| act=Blocked duser=ilp@websense.com fname=c:\temp\Test.txt - 294 B msg=Endpoint file incident suser=None cat=EP Test policy PE=Policy Engine  TEG-782 
2014-07-23 15:25:46 -- CEF:0|Websense|Data Security|7.8|407037|DLP Syslog|1| act=Blocked duser=ilp@websense.com fname=c:\temp\Test.txt - 294 B msg=Endpoint file incident suser=None cat=EP Test policy PE=Policy Engine  TEG-782 
2014-07-23 15:25:46 -- CEF:0|Websense|Data Security|7.8|406982|DLP Syslog|1| act=Blocked duser=ilp@websense.com fname=c:\temp\Test.txt - 294 B msg=Endpoint file incident suser=None cat=EP Test policy PE=Policy Engine  TEG-782 
2014-07-23 15:26:49 -- CEF:0|Websense|Data Security|7.8|407044|DLP Syslog|1| act=Blocked duser=ilp@websense.com fname=c:\temp\Test.txt - 294 B msg=Endpoint file incident suser=None cat=EP Test policy PE=Policy Engine  TEG-782 
2014-07-23 15:26:49 -- CEF:0|Websense|Data Security|7.8|406989|DLP Syslog|1| act=Blocked duser=ilp@websense.com fname=c:\temp\Test.txt - 294 B msg=Endpoint file incident suser=None cat=EP Test policy PE=Policy Engine  TEG-782 
2014-07-23 15:26:49 -- CEF:0|Websense|Data Security|7.8|407051|DLP Syslog|1| act=Blocked duser=ilp@websense.com fname=c:\temp\Test.txt - 294 B msg=Endpoint file incident suser=None cat=EP Test policy PE=Policy Engine  TEG-782 
2014-07-23 15:26:49 -- CEF:0|Websense|Data Security|7.8|406996|DLP Syslog|1| act=Blocked duser=ilp@websense.com fname=c:\temp\Test.txt - 294 B msg=Endpoint file incident suser=None cat=EP Test policy PE=Policy Engine  TEG-782 
2014-07-23 15:26:49 -- CEF:0|Websense|Data Security|7.8|407058|DLP Syslog|1| act=Blocked duser=ilp@websense.com fname=c:\temp\Test.txt - 294 B msg=Endpoint file incident suser=None cat=EP Test policy PE=Policy Engine  TEG-782 
2014-07-23 15:26:49 -- CEF:0|Websense|Data Security|7.8|407003|DLP Syslog|1| act=Blocked duser=ilp@websense.com fname=c:\temp\Test.txt - 294 B msg=Endpoint file incident suser=None cat=EP Test policy PE=Policy Engine  TEG-782 
2014-07-23 15:26:49 -- CEF:0|Websense|Data Security|7.8|407065|DLP Syslog|1| act=Blocked duser=ilp@websense.com fname=c:\temp\Test.txt - 294 B msg=Endpoint file incident suser=None cat=EP Test policy PE=Policy Engine  TEG-782 
2014-07-23 15:26:49 -- CEF:0|Websense|Data Security|7.8|407010|DLP Syslog|1| act=Blocked duser=ilp@websense.com fname=c:\temp\Test.txt - 294 B msg=Endpoint file incident suser=None cat=EP Test policy PE=Policy Engine  TEG-782 
2014-07-23 15:26:49 -- CEF:0|Websense|Data Security|7.8|407072|DLP Syslog|1| act=Blocked duser=ilp@websense.com fname=c:\temp\Test.txt - 294 B msg=Endpoint file incident suser=None cat=EP Test policy PE=Policy Engine  TEG-782 
2014-07-23 15:26:49 -- CEF:0|Websense|Data Security|7.8|407092|DLP Syslog|1| act=Blocked duser=ilp@websense.com fname=c:\temp\Test.txt - 294 B msg=Endpoint file incident suser=None cat=EP Test policy PE=Policy Engine  TEG-782 
2014-07-23 15:26:49 -- CEF:0|Websense|Data Security|7.8|407079|DLP Syslog|1| act=Blocked duser=ilp@websense.com fname=c:\temp\Test.txt - 294 B msg=Endpoint file incident suser=None cat=EP Test policy PE=Policy Engine  TEG-782 
2014-07-23 15:26:49 -- CEF:0|Websense|Data Security|7.8|407099|DLP Syslog|1| act=Blocked duser=ilp@websense.com fname=c:\temp\Test.txt - 294 B msg=Endpoint file incident suser=None cat=EP Test policy PE=Policy Engine  TEG-782 
2014-07-23 15:26:49 -- CEF:0|Websense|Data Security|7.8|407086|DLP Syslog|1| act=Blocked duser=ilp@websense.com fname=c:\temp\Test.txt - 294 B msg=Endpoint file incident suser=None cat=EP Test policy PE=Policy Engine  TEG-782 
2014-07-23 15:26:49 -- CEF:0|Websense|Data Security|7.8|407106|DLP Syslog|1| act=Blocked duser=ilp@websense.com fname=c:\temp\Test.txt - 294 B msg=Endpoint file incident suser=None cat=EP Test policy PE=Policy Engine  TEG-782 
2014-07-23 15:27:49 -- CEF:0|Websense|Data Security|7.8|407175|DLP Syslog|1| act=Blocked duser=ilp@websense.com fname=c:\temp\Test.txt - 294 B msg=Endpoint file incident suser=None cat=EP Test policy PE=Policy Engine  TEG-782 
2014-07-23 15:27:49 -- CEF:0|Websense|Data Security|7.8|407120|DLP Syslog|1| act=Blocked duser=ilp@websense.com fname=c:\temp\Test.txt - 294 B msg=Endpoint file incident suser=None cat=EP Test policy PE=Policy Engine  TEG-782 
2014-07-23 15:27:49 -- CEF:0|Websense|Data Security|7.8|407182|DLP Syslog|1| act=Blocked duser=ilp@websense.com fname=c:\temp\Test.txt - 294 B msg=Endpoint file incident suser=None cat=EP Test policy PE=Policy Engine  TEG-782 
2014-07-23 15:27:49 -- CEF:0|Websense|Data Security|7.8|407127|DLP Syslog|1| act=Blocked duser=ilp@websense.com fname=c:\temp\Test.txt - 294 B msg=Endpoint file incident suser=None cat=EP Test policy PE=Policy Engine  TEG-782 
2014-07-23 15:29:51 -- Script terminated by Ctrl-C
2014-07-23 15:29:51 -- Script fired up 5 times, terminated at 2014-07-23 15:29:51 
2014-07-23 15:32:07 -- Script started
2014-07-23 15:33:10 -- CEF:0|Websense|Data Security|7.8|407189|DLP Syslog|1| act=Blocked duser=ilp@websense.com fname=c:\temp\Test.txt - 294 B msg=Endpoint file incident suser=None cat=EP Test policy PE=Policy Engine  TEG-782 
2014-07-23 15:33:10 -- CEF:0|Websense|Data Security|7.8|362342|DLP Syslog|1| act=Blocked duser=ilp@websense.com fname=c:\temp\Test.txt - 294 B msg=Endpoint file incident suser=None cat=EP Test policy PE=Policy Engine  TEG-782 
2014-07-23 15:33:10 -- CEF:0|Websense|Data Security|7.8|407196|DLP Syslog|1| act=Blocked duser=ilp@websense.com fname=c:\temp\Test.txt - 294 B msg=Endpoint file incident suser=None cat=EP Test policy PE=Policy Engine  TEG-782 
2014-07-23 15:33:10 -- CEF:0|Websense|Data Security|7.8|362349|DLP Syslog|1| act=Blocked duser=ilp@websense.com fname=c:\temp\Test.txt - 294 B msg=Endpoint file incident suser=None cat=EP Test policy PE=Policy Engine  TEG-782 
2014-07-23 15:33:10 -- CEF:0|Websense|Data Security|7.8|407203|DLP Syslog|1| act=Blocked duser=ilp@websense.com fname=c:\temp\Test.txt - 294 B msg=Endpoint file incident suser=None cat=EP Test policy PE=Policy Engine  TEG-782 
2014-07-23 15:33:10 -- CEF:0|Websense|Data Security|7.8|362356|DLP Syslog|1| act=Blocked duser=ilp@websense.com fname=c:\temp\Test.txt - 294 B msg=Endpoint file incident suser=None cat=EP Test policy PE=Policy Engine  TEG-782 
2014-07-23 15:33:10 -- CEF:0|Websense|Data Security|7.8|407210|DLP Syslog|1| act=Blocked duser=ilp@websense.com fname=c:\temp\Test.txt - 294 B msg=Endpoint file incident suser=None cat=EP Test policy PE=Policy Engine  TEG-782 
2014-07-23 15:33:10 -- CEF:0|Websense|Data Security|7.8|362363|DLP Syslog|1| act=Blocked duser=ilp@websense.com fname=c:\temp\Test.txt - 294 B msg=Endpoint file incident suser=None cat=EP Test policy PE=Policy Engine  TEG-782 
2014-07-23 15:33:10 -- CEF:0|Websense|Data Security|7.8|407217|DLP Syslog|1| act=Blocked duser=ilp@websense.com fname=c:\temp\Test.txt - 294 B msg=Endpoint file incident suser=None cat=EP Test policy PE=Policy Engine  TEG-782 
2014-07-23 15:33:10 -- CEF:0|Websense|Data Security|7.8|362370|DLP Syslog|1| act=Blocked duser=ilp@websense.com fname=c:\temp\Test.txt - 294 B msg=Endpoint file incident suser=None cat=EP Test policy PE=Policy Engine  TEG-782 
2014-07-23 15:33:10 -- CEF:0|Websense|Data Security|7.8|407224|DLP Syslog|1| act=Blocked duser=ilp@websense.com fname=c:\temp\Test.txt - 294 B msg=Endpoint file incident suser=None cat=EP Test policy PE=Policy Engine  TEG-782 
2014-07-23 15:34:10 -- CEF:0|Websense|Data Security|7.8|407231|DLP Syslog|1| act=Blocked duser=ilp@websense.com fname=c:\temp\Test.txt - 294 B msg=Endpoint file incident suser=None cat=EP Test policy PE=Policy Engine  TEG-782 
2014-07-23 15:34:10 -- CEF:0|Websense|Data Security|7.8|362384|DLP Syslog|1| act=Blocked duser=ilp@websense.com fname=c:\temp\Test.txt - 294 B msg=Endpoint file incident suser=None cat=EP Test policy PE=Policy Engine  TEG-782 
2014-07-23 15:34:10 -- CEF:0|Websense|Data Security|7.8|407313|DLP Syslog|1| act=Blocked duser=ilp@websense.com fname=c:\temp\Test.txt - 294 B msg=Endpoint file incident suser=None cat=EP Test policy PE=Policy Engine  TEG-782 
2014-07-23 15:34:10 -- CEF:0|Websense|Data Security|7.8|407241|DLP Syslog|1| act=Blocked duser=ilp@websense.com fname=c:\temp\Test.txt - 294 B msg=Endpoint file incident suser=None cat=EP Test policy PE=Policy Engine  TEG-782 
2014-07-23 15:34:10 -- CEF:0|Websense|Data Security|7.8|407320|DLP Syslog|1| act=Blocked duser=ilp@websense.com fname=c:\temp\Test.txt - 294 B msg=Endpoint file incident suser=None cat=EP Test policy PE=Policy Engine  TEG-782 
2014-07-23 15:34:10 -- CEF:0|Websense|Data Security|7.8|407248|DLP Syslog|1| act=Blocked duser=ilp@websense.com fname=c:\temp\Test.txt - 294 B msg=Endpoint file incident suser=None cat=EP Test policy PE=Policy Engine  TEG-782 
2014-07-23 15:34:10 -- CEF:0|Websense|Data Security|7.8|407327|DLP Syslog|1| act=Blocked duser=ilp@websense.com fname=c:\temp\Test.txt - 294 B msg=Endpoint file incident suser=None cat=EP Test policy PE=Policy Engine  TEG-782 
2014-07-23 15:34:10 -- CEF:0|Websense|Data Security|7.8|407255|DLP Syslog|1| act=Blocked duser=ilp@websense.com fname=c:\temp\Test.txt - 294 B msg=Endpoint file incident suser=None cat=EP Test policy PE=Policy Engine  TEG-782 
2014-07-23 15:34:10 -- CEF:0|Websense|Data Security|7.8|407334|DLP Syslog|1| act=Blocked duser=ilp@websense.com fname=c:\temp\Test.txt - 294 B msg=Endpoint file incident suser=None cat=EP Test policy PE=Policy Engine  TEG-782 
2014-07-23 15:34:10 -- CEF:0|Websense|Data Security|7.8|407262|DLP Syslog|1| act=Blocked duser=ilp@websense.com fname=c:\temp\Test.txt - 294 B msg=Endpoint file incident suser=None cat=EP Test policy PE=Policy Engine  TEG-782 
2014-07-23 15:34:10 -- CEF:0|Websense|Data Security|7.8|407341|DLP Syslog|1| act=Blocked duser=ilp@websense.com fname=c:\temp\Test.txt - 294 B msg=Endpoint file incident suser=None cat=EP Test policy PE=Policy Engine  TEG-782 
2014-07-23 15:35:11 -- CEF:0|Websense|Data Security|7.8|407348|DLP Syslog|1| act=Blocked duser=ilp@websense.com fname=c:\temp\Test.txt - 294 B msg=Endpoint file incident suser=None cat=EP Test policy PE=Policy Engine  TEG-782 
2014-07-23 15:35:11 -- CEF:0|Websense|Data Security|7.8|407276|DLP Syslog|1| act=Blocked duser=ilp@websense.com fname=c:\temp\Test.txt - 294 B msg=Endpoint file incident suser=None cat=EP Test policy PE=Policy Engine  TEG-782 
2014-07-23 15:35:11 -- CEF:0|Websense|Data Security|7.8|407355|DLP Syslog|1| act=Blocked duser=ilp@websense.com fname=c:\temp\Test.txt - 294 B msg=Endpoint file incident suser=None cat=EP Test policy PE=Policy Engine  TEG-782 
2014-07-23 15:35:11 -- CEF:0|Websense|Data Security|7.8|407283|DLP Syslog|1| act=Blocked duser=ilp@websense.com fname=c:\temp\Test.txt - 294 B msg=Endpoint file incident suser=None cat=EP Test policy PE=Policy Engine  TEG-782 
2014-07-23 15:35:11 -- CEF:0|Websense|Data Security|7.8|407362|DLP Syslog|1| act=Blocked duser=ilp@websense.com fname=c:\temp\Test.txt - 294 B msg=Endpoint file incident suser=None cat=EP Test policy PE=Policy Engine  TEG-782 
2014-07-23 15:35:11 -- CEF:0|Websense|Data Security|7.8|407290|DLP Syslog|1| act=Blocked duser=ilp@websense.com fname=c:\temp\Test.txt - 294 B msg=Endpoint file incident suser=None cat=EP Test policy PE=Policy Engine  TEG-782 
2014-07-23 15:35:11 -- CEF:0|Websense|Data Security|7.8|407369|DLP Syslog|1| act=Blocked duser=ilp@websense.com fname=c:\temp\Test.txt - 294 B msg=Endpoint file incident suser=None cat=EP Test policy PE=Policy Engine  TEG-782 
2014-07-23 15:35:11 -- CEF:0|Websense|Data Security|7.8|407297|DLP Syslog|1| act=Blocked duser=ilp@websense.com fname=c:\temp\Test.txt - 294 B msg=Endpoint file incident suser=None cat=EP Test policy PE=Policy Engine  TEG-782 
2014-07-23 15:35:11 -- CEF:0|Websense|Data Security|7.8|407376|DLP Syslog|1| act=Blocked duser=ilp@websense.com fname=c:\temp\Test.txt - 294 B msg=Endpoint file incident suser=None cat=EP Test policy PE=Policy Engine  TEG-782 
2014-07-23 15:35:11 -- CEF:0|Websense|Data Security|7.8|407304|DLP Syslog|1| act=Blocked duser=ilp@websense.com fname=c:\temp\Test.txt - 294 B msg=Endpoint file incident suser=None cat=EP Test policy PE=Policy Engine  TEG-782 
2014-07-23 15:35:11 -- CEF:0|Websense|Data Security|7.8|407383|DLP Syslog|1| act=Blocked duser=ilp@websense.com fname=c:\temp\Test.txt - 294 B msg=Endpoint file incident suser=None cat=EP Test policy PE=Policy Engine  TEG-782 
2014-07-23 15:36:12 -- CEF:0|Websense|Data Security|7.8|407390|DLP Syslog|1| act=Blocked duser=ilp@websense.com fname=c:\temp\Test.txt - 294 B msg=Endpoint file incident suser=None cat=EP Test policy PE=Policy Engine  TEG-782 
2014-07-23 15:36:12 -- CEF:0|Websense|Data Security|7.8|407468|DLP Syslog|1| act=Blocked duser=ilp@websense.com fname=c:\temp\Test.txt - 294 B msg=Endpoint file incident suser=None cat=EP Test policy PE=Policy Engine  TEG-782 
2014-07-23 15:36:12 -- CEF:0|Websense|Data Security|7.8|407397|DLP Syslog|1| act=Blocked duser=ilp@websense.com fname=c:\temp\Test.txt - 294 B msg=Endpoint file incident suser=None cat=EP Test policy PE=Policy Engine  TEG-782 
2014-07-23 15:36:12 -- CEF:0|Websense|Data Security|7.8|407475|DLP Syslog|1| act=Blocked duser=ilp@websense.com fname=c:\temp\Test.txt - 294 B msg=Endpoint file incident suser=None cat=EP Test policy PE=Policy Engine  TEG-782 
2014-07-23 15:36:12 -- CEF:0|Websense|Data Security|7.8|407404|DLP Syslog|1| act=Blocked duser=ilp@websense.com fname=c:\temp\Test.txt - 294 B msg=Endpoint file incident suser=None cat=EP Test policy PE=Policy Engine  TEG-782 
2014-07-23 15:36:12 -- CEF:0|Websense|Data Security|7.8|407482|DLP Syslog|1| act=Blocked duser=ilp@websense.com fname=c:\temp\Test.txt - 294 B msg=Endpoint file incident suser=None cat=EP Test policy PE=Policy Engine  TEG-782 
2014-07-23 15:36:12 -- CEF:0|Websense|Data Security|7.8|407411|DLP Syslog|1| act=Blocked duser=ilp@websense.com fname=c:\temp\Test.txt - 294 B msg=Endpoint file incident suser=None cat=EP Test policy PE=Policy Engine  TEG-782 
2014-07-23 15:36:12 -- CEF:0|Websense|Data Security|7.8|407489|DLP Syslog|1| act=Blocked duser=ilp@websense.com fname=c:\temp\Test.txt - 294 B msg=Endpoint file incident suser=None cat=EP Test policy PE=Policy Engine  TEG-782 
2014-07-23 15:36:12 -- CEF:0|Websense|Data Security|7.8|407418|DLP Syslog|1| act=Blocked duser=ilp@websense.com fname=c:\temp\Test.txt - 294 B msg=Endpoint file incident suser=None cat=EP Test policy PE=Policy Engine  TEG-782 
2014-07-23 15:36:12 -- CEF:0|Websense|Data Security|7.8|407496|DLP Syslog|1| act=Blocked duser=ilp@websense.com fname=c:\temp\Test.txt - 294 B msg=Endpoint file incident suser=None cat=EP Test policy PE=Policy Engine  TEG-782 
2014-07-23 15:36:12 -- CEF:0|Websense|Data Security|7.8|407425|DLP Syslog|1| act=Blocked duser=ilp@websense.com fname=c:\temp\Test.txt - 294 B msg=Endpoint file incident suser=None cat=EP Test policy PE=Policy Engine  TEG-782 
2014-07-23 15:37:12 -- CEF:0|Websense|Data Security|7.8|407432|DLP Syslog|1| act=Blocked duser=ilp@websense.com fname=c:\temp\Test.txt - 294 B msg=Endpoint file incident suser=None cat=EP Test policy PE=Policy Engine  TEG-782 
2014-07-23 15:37:12 -- CEF:0|Websense|Data Security|7.8|407510|DLP Syslog|1| act=Blocked duser=ilp@websense.com fname=c:\temp\Test.txt - 294 B msg=Endpoint file incident suser=None cat=EP Test policy PE=Policy Engine  TEG-782 
2014-07-23 15:37:12 -- CEF:0|Websense|Data Security|7.8|407439|DLP Syslog|1| act=Blocked duser=ilp@websense.com fname=c:\temp\Test.txt - 294 B msg=Endpoint file incident suser=None cat=EP Test policy PE=Policy Engine  TEG-782 
2014-07-23 15:37:12 -- CEF:0|Websense|Data Security|7.8|407517|DLP Syslog|1| act=Blocked duser=ilp@websense.com fname=c:\temp\Test.txt - 294 B msg=Endpoint file incident suser=None cat=EP Test policy PE=Policy Engine  TEG-782 
2014-07-23 15:37:12 -- CEF:0|Websense|Data Security|7.8|407446|DLP Syslog|1| act=Blocked duser=ilp@websense.com fname=c:\temp\Test.txt - 294 B msg=Endpoint file incident suser=None cat=EP Test policy PE=Policy Engine  TEG-782 
2014-07-23 15:37:12 -- CEF:0|Websense|Data Security|7.8|407524|DLP Syslog|1| act=Blocked duser=ilp@websense.com fname=c:\temp\Test.txt - 294 B msg=Endpoint file incident suser=None cat=EP Test policy PE=Policy Engine  TEG-782 
2014-07-23 15:37:12 -- CEF:0|Websense|Data Security|7.8|407453|DLP Syslog|1| act=Blocked duser=ilp@websense.com fname=c:\temp\Test.txt - 294 B msg=Endpoint file incident suser=None cat=EP Test policy PE=Policy Engine  TEG-782 
2014-07-23 15:37:12 -- CEF:0|Websense|Data Security|7.8|407531|DLP Syslog|1| act=Blocked duser=ilp@websense.com fname=c:\temp\Test.txt - 294 B msg=Endpoint file incident suser=None cat=EP Test policy PE=Policy Engine  TEG-782 
2014-07-23 15:37:12 -- CEF:0|Websense|Data Security|7.8|407460|DLP Syslog|1| act=Blocked duser=ilp@websense.com fname=c:\temp\Test.txt - 294 B msg=Endpoint file incident suser=None cat=EP Test policy PE=Policy Engine  TEG-782 
2014-07-23 15:37:12 -- CEF:0|Websense|Data Security|7.8|407838|DLP Syslog|1| act=Blocked duser=ilp@websense.com fname=c:\temp\Test.txt - 294 B msg=Endpoint file incident suser=None cat=EP Test policy PE=Policy Engine  TEG-782 
2014-07-23 15:37:12 -- CEF:0|Websense|Data Security|7.8|407767|DLP Syslog|1| act=Blocked duser=ilp@websense.com fname=c:\temp\Test.txt - 294 B msg=Endpoint file incident suser=None cat=EP Test policy PE=Policy Engine  TEG-782 
2014-07-23 15:38:12 -- CEF:0|Websense|Data Security|7.8|407774|DLP Syslog|1| act=Blocked duser=ilp@websense.com fname=c:\temp\Test.txt - 294 B msg=Endpoint file incident suser=None cat=EP Test policy PE=Policy Engine  TEG-782 
2014-07-23 15:38:12 -- CEF:0|Websense|Data Security|7.8|407852|DLP Syslog|1| act=Blocked duser=ilp@websense.com fname=c:\temp\Test.txt - 294 B msg=Endpoint file incident suser=None cat=EP Test policy PE=Policy Engine  TEG-782 
2014-07-23 15:38:12 -- CEF:0|Websense|Data Security|7.8|407781|DLP Syslog|1| act=Blocked duser=ilp@websense.com fname=c:\temp\Test.txt - 294 B msg=Endpoint file incident suser=None cat=EP Test policy PE=Policy Engine  TEG-782 
2014-07-23 15:38:12 -- CEF:0|Websense|Data Security|7.8|407859|DLP Syslog|1| act=Blocked duser=ilp@websense.com fname=c:\temp\Test.txt - 294 B msg=Endpoint file incident suser=None cat=EP Test policy PE=Policy Engine  TEG-782 
2014-07-23 15:38:12 -- CEF:0|Websense|Data Security|7.8|407788|DLP Syslog|1| act=Blocked duser=ilp@websense.com fname=c:\temp\Test.txt - 294 B msg=Endpoint file incident suser=None cat=EP Test policy PE=Policy Engine  TEG-782 
2014-07-23 15:38:12 -- CEF:0|Websense|Data Security|7.8|407866|DLP Syslog|1| act=Blocked duser=ilp@websense.com fname=c:\temp\Test.txt - 294 B msg=Endpoint file incident suser=None cat=EP Test policy PE=Policy Engine  TEG-782 
2014-07-23 15:38:12 -- CEF:0|Websense|Data Security|7.8|407795|DLP Syslog|1| act=Blocked duser=ilp@websense.com fname=c:\temp\Test.txt - 294 B msg=Endpoint file incident suser=None cat=EP Test policy PE=Policy Engine  TEG-782 
2014-07-23 15:38:12 -- CEF:0|Websense|Data Security|7.8|407873|DLP Syslog|1| act=Blocked duser=ilp@websense.com fname=c:\temp\Test.txt - 294 B msg=Endpoint file incident suser=None cat=EP Test policy PE=Policy Engine  TEG-782 
2014-07-23 15:38:12 -- CEF:0|Websense|Data Security|7.8|407802|DLP Syslog|1| act=Blocked duser=ilp@websense.com fname=c:\temp\Test.txt - 294 B msg=Endpoint file incident suser=None cat=EP Test policy PE=Policy Engine  TEG-782 
2014-07-23 15:38:12 -- CEF:0|Websense|Data Security|7.8|407880|DLP Syslog|1| act=Blocked duser=ilp@websense.com fname=c:\temp\Test.txt - 294 B msg=Endpoint file incident suser=None cat=EP Test policy PE=Policy Engine  TEG-782 
2014-07-23 15:38:12 -- CEF:0|Websense|Data Security|7.8|407809|DLP Syslog|1| act=Blocked duser=ilp@websense.com fname=c:\temp\Test.txt - 294 B msg=Endpoint file incident suser=None cat=EP Test policy PE=Policy Engine  TEG-782 
2014-07-23 15:39:12 -- CEF:0|Websense|Data Security|7.8|407816|DLP Syslog|1| act=Blocked duser=ilp@websense.com fname=c:\temp\Test.txt - 294 B msg=Endpoint file incident suser=None cat=EP Test policy PE=Policy Engine  TEG-782 
2014-07-23 15:39:12 -- CEF:0|Websense|Data Security|7.8|407894|DLP Syslog|1| act=Blocked duser=ilp@websense.com fname=c:\temp\Test.txt - 294 B msg=Endpoint file incident suser=None cat=EP Test policy PE=Policy Engine  TEG-782 
2014-07-23 15:39:12 -- CEF:0|Websense|Data Security|7.8|407823|DLP Syslog|1| act=Blocked duser=ilp@websense.com fname=c:\temp\Test.txt - 294 B msg=Endpoint file incident suser=None cat=EP Test policy PE=Policy Engine  TEG-782 
2014-07-23 15:39:12 -- CEF:0|Websense|Data Security|7.8|407901|DLP Syslog|1| act=Blocked duser=ilp@websense.com fname=c:\temp\Test.txt - 294 B msg=Endpoint file incident suser=None cat=EP Test policy PE=Policy Engine  TEG-782 
2014-07-23 15:39:12 -- CEF:0|Websense|Data Security|7.8|407830|DLP Syslog|1| act=Blocked duser=ilp@websense.com fname=c:\temp\Test.txt - 294 B msg=Endpoint file incident suser=None cat=EP Test policy PE=Policy Engine  TEG-782 
2014-07-23 15:39:12 -- CEF:0|Websense|Data Security|7.8|407908|DLP Syslog|1| act=Blocked duser=ilp@websense.com fname=c:\temp\Test.txt - 294 B msg=Endpoint file incident suser=None cat=EP Test policy PE=Policy Engine  TEG-782 
2014-07-23 15:39:12 -- CEF:0|Websense|Data Security|7.8|407837|DLP Syslog|1| act=Blocked duser=ilp@websense.com fname=c:\temp\Test.txt - 294 B msg=Endpoint file incident suser=None cat=EP Test policy PE=Policy Engine  TEG-782 
2014-07-23 15:39:12 -- CEF:0|Websense|Data Security|7.8|407915|DLP Syslog|1| act=Blocked duser=ilp@websense.com fname=c:\temp\Test.txt - 294 B msg=Endpoint file incident suser=None cat=EP Test policy PE=Policy Engine  TEG-782 
2014-07-23 15:39:12 -- CEF:0|Websense|Data Security|7.8|407994|DLP Syslog|1| act=Blocked duser=ilp@websense.com fname=c:\temp\Test.txt - 294 B msg=Endpoint file incident suser=None cat=EP Test policy PE=Policy Engine  TEG-782 
2014-07-23 15:39:12 -- CEF:0|Websense|Data Security|7.8|407922|DLP Syslog|1| act=Blocked duser=ilp@websense.com fname=c:\temp\Test.txt - 294 B msg=Endpoint file incident suser=None cat=EP Test policy PE=Policy Engine  TEG-782 
2014-07-23 15:39:12 -- CEF:0|Websense|Data Security|7.8|408001|DLP Syslog|1| act=Blocked duser=ilp@websense.com fname=c:\temp\Test.txt - 294 B msg=Endpoint file incident suser=None cat=EP Test policy PE=Policy Engine  TEG-782 
2014-07-23 15:40:13 -- CEF:0|Websense|Data Security|7.8|408008|DLP Syslog|1| act=Blocked duser=ilp@websense.com fname=c:\temp\Test.txt - 294 B msg=Endpoint file incident suser=None cat=EP Test policy PE=Policy Engine  TEG-782 
2014-07-23 15:40:13 -- CEF:0|Websense|Data Security|7.8|407936|DLP Syslog|1| act=Blocked duser=ilp@websense.com fname=c:\temp\Test.txt - 294 B msg=Endpoint file incident suser=None cat=EP Test policy PE=Policy Engine  TEG-782 
2014-07-23 15:40:13 -- CEF:0|Websense|Data Security|7.8|408015|DLP Syslog|1| act=Blocked duser=ilp@websense.com fname=c:\temp\Test.txt - 294 B msg=Endpoint file incident suser=None cat=EP Test policy PE=Policy Engine  TEG-782 
2014-07-23 15:40:13 -- CEF:0|Websense|Data Security|7.8|407943|DLP Syslog|1| act=Blocked duser=ilp@websense.com fname=c:\temp\Test.txt - 294 B msg=Endpoint file incident suser=None cat=EP Test policy PE=Policy Engine  TEG-782 
2014-07-23 15:40:13 -- CEF:0|Websense|Data Security|7.8|408022|DLP Syslog|1| act=Blocked duser=ilp@websense.com fname=c:\temp\Test.txt - 294 B msg=Endpoint file incident suser=None cat=EP Test policy PE=Policy Engine  TEG-782 
2014-07-23 15:40:13 -- CEF:0|Websense|Data Security|7.8|407950|DLP Syslog|1| act=Blocked duser=ilp@websense.com fname=c:\temp\Test.txt - 294 B msg=Endpoint file incident suser=None cat=EP Test policy PE=Policy Engine  TEG-782 
2014-07-23 15:40:13 -- CEF:0|Websense|Data Security|7.8|408029|DLP Syslog|1| act=Blocked duser=ilp@websense.com fname=c:\temp\Test.txt - 294 B msg=Endpoint file incident suser=None cat=EP Test policy PE=Policy Engine  TEG-782 
2014-07-23 15:40:13 -- CEF:0|Websense|Data Security|7.8|407957|DLP Syslog|1| act=Blocked duser=ilp@websense.com fname=c:\temp\Test.txt - 294 B msg=Endpoint file incident suser=None cat=EP Test policy PE=Policy Engine  TEG-782 
2014-07-23 15:40:13 -- CEF:0|Websense|Data Security|7.8|408036|DLP Syslog|1| act=Blocked duser=ilp@websense.com fname=c:\temp\Test.txt - 294 B msg=Endpoint file incident suser=None cat=EP Test policy PE=Policy Engine  TEG-782 
2014-07-23 15:40:13 -- CEF:0|Websense|Data Security|7.8|407964|DLP Syslog|1| act=Blocked duser=ilp@websense.com fname=c:\temp\Test.txt - 294 B msg=Endpoint file incident suser=None cat=EP Test policy PE=Policy Engine  TEG-782 
2014-07-23 15:40:13 -- CEF:0|Websense|Data Security|7.8|408043|DLP Syslog|1| act=Blocked duser=ilp@websense.com fname=c:\temp\Test.txt - 294 B msg=Endpoint file incident suser=None cat=EP Test policy PE=Policy Engine  TEG-782 
2014-07-23 15:41:13 -- CEF:0|Websense|Data Security|7.8|408050|DLP Syslog|1| act=Blocked duser=ilp@websense.com fname=c:\temp\Test.txt - 294 B msg=Endpoint file incident suser=None cat=EP Test policy PE=Policy Engine  TEG-782 
2014-07-23 15:41:13 -- CEF:0|Websense|Data Security|7.8|407978|DLP Syslog|1| act=Blocked duser=ilp@websense.com fname=c:\temp\Test.txt - 294 B msg=Endpoint file incident suser=None cat=EP Test policy PE=Policy Engine  TEG-782 
2014-07-23 15:41:13 -- CEF:0|Websense|Data Security|7.8|408057|DLP Syslog|1| act=Blocked duser=ilp@websense.com fname=c:\temp\Test.txt - 294 B msg=Endpoint file incident suser=None cat=EP Test policy PE=Policy Engine  TEG-782 
2014-07-23 15:41:13 -- CEF:0|Websense|Data Security|7.8|407985|DLP Syslog|1| act=Blocked duser=ilp@websense.com fname=c:\temp\Test.txt - 294 B msg=Endpoint file incident suser=None cat=EP Test policy PE=Policy Engine  TEG-782 
2014-07-23 16:00:20 -- CEF:0|Websense|Data Security|7.8|400339|DLP Syslog|1| act=Blocked duser=ilp@websense.com fname=c:\temp\Test.txt - 294 B msg=Endpoint file incident suser=None cat=EP Test policy PE=Policy Engine  TEG-782 
2014-07-23 16:00:20 -- CEF:0|Websense|Data Security|7.8|406826|DLP Syslog|1| act=Blocked duser=ilp@websense.com fname=c:\temp\Test.txt - 294 B msg=Endpoint file incident suser=None cat=EP Test policy PE=Policy Engine  TEG-782 
2014-07-23 16:00:20 -- CEF:0|Websense|Data Security|7.8|400346|DLP Syslog|1| act=Blocked duser=ilp@websense.com fname=c:\temp\Test.txt - 294 B msg=Endpoint file incident suser=None cat=EP Test policy PE=Policy Engine  TEG-782 
2014-07-23 16:00:20 -- CEF:0|Websense|Data Security|7.8|406833|DLP Syslog|1| act=Blocked duser=ilp@websense.com fname=c:\temp\Test.txt - 294 B msg=Endpoint file incident suser=None cat=EP Test policy PE=Policy Engine  TEG-782 
2014-07-23 16:00:20 -- CEF:0|Websense|Data Security|7.8|400353|DLP Syslog|1| act=Blocked duser=ilp@websense.com fname=c:\temp\Test.txt - 294 B msg=Endpoint file incident suser=None cat=EP Test policy PE=Policy Engine  TEG-782 
2014-07-23 16:00:20 -- CEF:0|Websense|Data Security|7.8|406840|DLP Syslog|1| act=Blocked duser=ilp@websense.com fname=c:\temp\Test.txt - 294 B msg=Endpoint file incident suser=None cat=EP Test policy PE=Policy Engine  TEG-782 
2014-07-23 16:00:20 -- CEF:0|Websense|Data Security|7.8|400360|DLP Syslog|1| act=Blocked duser=ilp@websense.com fname=c:\temp\Test.txt - 294 B msg=Endpoint file incident suser=None cat=EP Test policy PE=Policy Engine  TEG-782 
2014-07-23 16:00:20 -- CEF:0|Websense|Data Security|7.8|406847|DLP Syslog|1| act=Blocked duser=ilp@websense.com fname=c:\temp\Test.txt - 294 B msg=Endpoint file incident suser=None cat=EP Test policy PE=Policy Engine  TEG-782 
2014-07-23 16:01:20 -- CEF:0|Websense|Data Security|7.8|406854|DLP Syslog|1| act=Blocked duser=ilp@websense.com fname=c:\temp\Test.txt - 294 B msg=Endpoint file incident suser=None cat=EP Test policy PE=Policy Engine  TEG-782 
2014-07-23 16:01:20 -- CEF:0|Websense|Data Security|7.8|400374|DLP Syslog|1| act=Blocked duser=ilp@websense.com fname=c:\temp\Test.txt - 294 B msg=Endpoint file incident suser=None cat=EP Test policy PE=Policy Engine  TEG-782 
2014-07-23 16:01:20 -- CEF:0|Websense|Data Security|7.8|406861|DLP Syslog|1| act=Blocked duser=ilp@websense.com fname=c:\temp\Test.txt - 294 B msg=Endpoint file incident suser=None cat=EP Test policy PE=Policy Engine  TEG-782 
2014-07-23 16:01:20 -- CEF:0|Websense|Data Security|7.8|400381|DLP Syslog|1| act=Blocked duser=ilp@websense.com fname=c:\temp\Test.txt - 294 B msg=Endpoint file incident suser=None cat=EP Test policy PE=Policy Engine  TEG-782 
2014-07-23 16:01:20 -- CEF:0|Websense|Data Security|7.8|408218|DLP Syslog|1| act=Blocked duser=ilp@websense.com fname=c:\temp\Test.txt - 294 B msg=Endpoint file incident suser=None cat=EP Test policy PE=Policy Engine  TEG-782 
2014-07-23 16:01:20 -- CEF:0|Websense|Data Security|7.8|400388|DLP Syslog|1| act=Blocked duser=ilp@websense.com fname=c:\temp\Test.txt - 294 B msg=Endpoint file incident suser=None cat=EP Test policy PE=Policy Engine  TEG-782 
2014-07-23 16:01:20 -- CEF:0|Websense|Data Security|7.8|408225|DLP Syslog|1| act=Blocked duser=ilp@websense.com fname=c:\temp\Test.txt - 294 B msg=Endpoint file incident suser=None cat=EP Test policy PE=Policy Engine  TEG-782 
2014-07-23 16:01:20 -- CEF:0|Websense|Data Security|7.8|400395|DLP Syslog|1| act=Blocked duser=ilp@websense.com fname=c:\temp\Test.txt - 294 B msg=Endpoint file incident suser=None cat=EP Test policy PE=Policy Engine  TEG-782 
2014-07-23 16:01:20 -- CEF:0|Websense|Data Security|7.8|408232|DLP Syslog|1| act=Blocked duser=ilp@websense.com fname=c:\temp\Test.txt - 294 B msg=Endpoint file incident suser=None cat=EP Test policy PE=Policy Engine  TEG-782 
2014-07-23 16:01:20 -- CEF:0|Websense|Data Security|7.8|400402|DLP Syslog|1| act=Blocked duser=ilp@websense.com fname=c:\temp\Test.txt - 294 B msg=Endpoint file incident suser=None cat=EP Test policy PE=Policy Engine  TEG-782 
2014-07-23 16:01:20 -- CEF:0|Websense|Data Security|7.8|408239|DLP Syslog|1| act=Blocked duser=ilp@websense.com fname=c:\temp\Test.txt - 294 B msg=Endpoint file incident suser=None cat=EP Test policy PE=Policy Engine  TEG-782 
2014-07-23 16:02:21 -- CEF:0|Websense|Data Security|7.8|408246|DLP Syslog|1| act=Blocked duser=ilp@websense.com fname=c:\temp\Test.txt - 294 B msg=Endpoint file incident suser=None cat=EP Test policy PE=Policy Engine  TEG-782 
2014-07-23 16:02:21 -- CEF:0|Websense|Data Security|7.8|408291|DLP Syslog|1| act=Blocked duser=ilp@websense.com fname=c:\temp\Test.txt - 294 B msg=Endpoint file incident suser=None cat=EP Test policy PE=Policy Engine  TEG-782 
2014-07-23 16:02:21 -- CEF:0|Websense|Data Security|7.8|408253|DLP Syslog|1| act=Blocked duser=ilp@websense.com fname=c:\temp\Test.txt - 294 B msg=Endpoint file incident suser=None cat=EP Test policy PE=Policy Engine  TEG-782 
2014-07-23 16:02:21 -- CEF:0|Websense|Data Security|7.8|408298|DLP Syslog|1| act=Blocked duser=ilp@websense.com fname=c:\temp\Test.txt - 294 B msg=Endpoint file incident suser=None cat=EP Test policy PE=Policy Engine  TEG-782 
2014-07-23 16:02:21 -- CEF:0|Websense|Data Security|7.8|408260|DLP Syslog|1| act=Blocked duser=ilp@websense.com fname=c:\temp\Test.txt - 294 B msg=Endpoint file incident suser=None cat=EP Test policy PE=Policy Engine  TEG-782 
2014-07-23 16:02:21 -- CEF:0|Websense|Data Security|7.8|408305|DLP Syslog|1| act=Blocked duser=ilp@websense.com fname=c:\temp\Test.txt - 294 B msg=Endpoint file incident suser=None cat=EP Test policy PE=Policy Engine  TEG-782 
2014-07-23 16:02:21 -- CEF:0|Websense|Data Security|7.8|408267|DLP Syslog|1| act=Blocked duser=ilp@websense.com fname=c:\temp\Test.txt - 294 B msg=Endpoint file incident suser=None cat=EP Test policy PE=Policy Engine  TEG-782 
2014-07-23 16:02:21 -- CEF:0|Websense|Data Security|7.8|408312|DLP Syslog|1| act=Blocked duser=ilp@websense.com fname=c:\temp\Test.txt - 294 B msg=Endpoint file incident suser=None cat=EP Test policy PE=Policy Engine  TEG-782 
2014-07-23 16:02:21 -- CEF:0|Websense|Data Security|7.8|408274|DLP Syslog|1| act=Blocked duser=ilp@websense.com fname=c:\temp\Test.txt - 294 B msg=Endpoint file incident suser=None cat=EP Test policy PE=Policy Engine  TEG-782 
2014-07-23 16:02:21 -- CEF:0|Websense|Data Security|7.8|408319|DLP Syslog|1| act=Blocked duser=ilp@websense.com fname=c:\temp\Test.txt - 294 B msg=Endpoint file incident suser=None cat=EP Test policy PE=Policy Engine  TEG-782 
2014-07-23 16:02:21 -- CEF:0|Websense|Data Security|7.8|408281|DLP Syslog|1| act=Blocked duser=ilp@websense.com fname=c:\temp\Test.txt - 294 B msg=Endpoint file incident suser=None cat=EP Test policy PE=Policy Engine  TEG-782 
2014-07-23 16:03:21 -- CEF:0|Websense|Data Security|7.8|408363|DLP Syslog|1| act=Blocked duser=ilp@websense.com fname=c:\temp\Test.txt - 294 B msg=Endpoint file incident suser=None cat=EP Test policy PE=Policy Engine  TEG-782 
2014-07-23 16:03:21 -- CEF:0|Websense|Data Security|7.8|408333|DLP Syslog|1| act=Blocked duser=ilp@websense.com fname=c:\temp\Test.txt - 294 B msg=Endpoint file incident suser=None cat=EP Test policy PE=Policy Engine  TEG-782 
2014-07-23 16:03:21 -- CEF:0|Websense|Data Security|7.8|408370|DLP Syslog|1| act=Blocked duser=ilp@websense.com fname=c:\temp\Test.txt - 294 B msg=Endpoint file incident suser=None cat=EP Test policy PE=Policy Engine  TEG-782 
2014-07-23 16:03:21 -- CEF:0|Websense|Data Security|7.8|408340|DLP Syslog|1| act=Blocked duser=ilp@websense.com fname=c:\temp\Test.txt - 294 B msg=Endpoint file incident suser=None cat=EP Test policy PE=Policy Engine  TEG-782 
2014-07-23 16:03:21 -- CEF:0|Websense|Data Security|7.8|408377|DLP Syslog|1| act=Blocked duser=ilp@websense.com fname=c:\temp\Test.txt - 294 B msg=Endpoint file incident suser=None cat=EP Test policy PE=Policy Engine  TEG-782 
2014-07-23 16:03:21 -- CEF:0|Websense|Data Security|7.8|408347|DLP Syslog|1| act=Blocked duser=ilp@websense.com fname=c:\temp\Test.txt - 294 B msg=Endpoint file incident suser=None cat=EP Test policy PE=Policy Engine  TEG-782 
2014-07-23 16:03:21 -- CEF:0|Websense|Data Security|7.8|408384|DLP Syslog|1| act=Blocked duser=ilp@websense.com fname=c:\temp\Test.txt - 294 B msg=Endpoint file incident suser=None cat=EP Test policy PE=Policy Engine  TEG-782 
2014-07-23 16:03:21 -- CEF:0|Websense|Data Security|7.8|408354|DLP Syslog|1| act=Blocked duser=ilp@websense.com fname=c:\temp\Test.txt - 294 B msg=Endpoint file incident suser=None cat=EP Test policy PE=Policy Engine  TEG-782 
2014-07-23 16:03:21 -- CEF:0|Websense|Data Security|7.8|408391|DLP Syslog|1| act=Blocked duser=ilp@websense.com fname=c:\temp\Test.txt - 294 B msg=Endpoint file incident suser=None cat=EP Test policy PE=Policy Engine  TEG-782 
2014-07-23 16:03:21 -- CEF:0|Websense|Data Security|7.8|408361|DLP Syslog|1| act=Blocked duser=ilp@websense.com fname=c:\temp\Test.txt - 294 B msg=Endpoint file incident suser=None cat=EP Test policy PE=Policy Engine  TEG-782 
2014-07-23 16:03:21 -- CEF:0|Websense|Data Security|7.8|408398|DLP Syslog|1| act=Blocked duser=ilp@websense.com fname=c:\temp\Test.txt - 294 B msg=Endpoint file incident suser=None cat=EP Test policy PE=Policy Engine  TEG-782 
2014-07-23 16:04:21 -- CEF:0|Websense|Data Security|7.8|408405|DLP Syslog|1| act=Blocked duser=ilp@websense.com fname=c:\temp\Test.txt - 294 B msg=Endpoint file incident suser=None cat=EP Test policy PE=Policy Engine  TEG-782 
2014-07-23 16:04:21 -- CEF:0|Websense|Data Security|7.8|408450|DLP Syslog|1| act=Blocked duser=ilp@websense.com fname=c:\temp\Test.txt - 294 B msg=Endpoint file incident suser=None cat=EP Test policy PE=Policy Engine  TEG-782 
2014-07-23 16:04:21 -- CEF:0|Websense|Data Security|7.8|408412|DLP Syslog|1| act=Blocked duser=ilp@websense.com fname=c:\temp\Test.txt - 294 B msg=Endpoint file incident suser=None cat=EP Test policy PE=Policy Engine  TEG-782 
2014-07-23 16:04:21 -- CEF:0|Websense|Data Security|7.8|408457|DLP Syslog|1| act=Blocked duser=ilp@websense.com fname=c:\temp\Test.txt - 294 B msg=Endpoint file incident suser=None cat=EP Test policy PE=Policy Engine  TEG-782 
2014-07-23 16:04:21 -- CEF:0|Websense|Data Security|7.8|408419|DLP Syslog|1| act=Blocked duser=ilp@websense.com fname=c:\temp\Test.txt - 294 B msg=Endpoint file incident suser=None cat=EP Test policy PE=Policy Engine  TEG-782 
2014-07-23 16:04:21 -- CEF:0|Websense|Data Security|7.8|408464|DLP Syslog|1| act=Blocked duser=ilp@websense.com fname=c:\temp\Test.txt - 294 B msg=Endpoint file incident suser=None cat=EP Test policy PE=Policy Engine  TEG-782 
2014-07-23 16:04:21 -- CEF:0|Websense|Data Security|7.8|408426|DLP Syslog|1| act=Blocked duser=ilp@websense.com fname=c:\temp\Test.txt - 294 B msg=Endpoint file incident suser=None cat=EP Test policy PE=Policy Engine  TEG-782 
2014-07-23 16:04:21 -- CEF:0|Websense|Data Security|7.8|408471|DLP Syslog|1| act=Blocked duser=ilp@websense.com fname=c:\temp\Test.txt - 294 B msg=Endpoint file incident suser=None cat=EP Test policy PE=Policy Engine  TEG-782 
2014-07-23 16:04:21 -- CEF:0|Websense|Data Security|7.8|408433|DLP Syslog|1| act=Blocked duser=ilp@websense.com fname=c:\temp\Test.txt - 294 B msg=Endpoint file incident suser=None cat=EP Test policy PE=Policy Engine  TEG-782 
2014-07-23 16:04:21 -- CEF:0|Websense|Data Security|7.8|408478|DLP Syslog|1| act=Blocked duser=ilp@websense.com fname=c:\temp\Test.txt - 294 B msg=Endpoint file incident suser=None cat=EP Test policy PE=Policy Engine  TEG-782 
2014-07-23 16:04:21 -- CEF:0|Websense|Data Security|7.8|408515|DLP Syslog|1| act=Blocked duser=ilp@websense.com fname=c:\temp\Test.txt - 294 B msg=Endpoint file incident suser=None cat=EP Test policy PE=Policy Engine  TEG-782 
2014-07-23 16:05:22 -- CEF:0|Websense|Data Security|7.8|408522|DLP Syslog|1| act=Blocked duser=ilp@websense.com fname=c:\temp\Test.txt - 294 B msg=Endpoint file incident suser=None cat=EP Test policy PE=Policy Engine  TEG-782 
2014-07-23 16:05:22 -- CEF:0|Websense|Data Security|7.8|408492|DLP Syslog|1| act=Blocked duser=ilp@websense.com fname=c:\temp\Test.txt - 294 B msg=Endpoint file incident suser=None cat=EP Test policy PE=Policy Engine  TEG-782 
2014-07-23 16:05:22 -- CEF:0|Websense|Data Security|7.8|408529|DLP Syslog|1| act=Blocked duser=ilp@websense.com fname=c:\temp\Test.txt - 294 B msg=Endpoint file incident suser=None cat=EP Test policy PE=Policy Engine  TEG-782 
2014-07-23 16:05:22 -- CEF:0|Websense|Data Security|7.8|408499|DLP Syslog|1| act=Blocked duser=ilp@websense.com fname=c:\temp\Test.txt - 294 B msg=Endpoint file incident suser=None cat=EP Test policy PE=Policy Engine  TEG-782 
2014-07-23 16:05:22 -- CEF:0|Websense|Data Security|7.8|408536|DLP Syslog|1| act=Blocked duser=ilp@websense.com fname=c:\temp\Test.txt - 294 B msg=Endpoint file incident suser=None cat=EP Test policy PE=Policy Engine  TEG-782 
2014-07-23 16:05:22 -- CEF:0|Websense|Data Security|7.8|408506|DLP Syslog|1| act=Blocked duser=ilp@websense.com fname=c:\temp\Test.txt - 294 B msg=Endpoint file incident suser=None cat=EP Test policy PE=Policy Engine  TEG-782 
2014-07-23 16:05:22 -- CEF:0|Websense|Data Security|7.8|408543|DLP Syslog|1| act=Blocked duser=ilp@websense.com fname=c:\temp\Test.txt - 294 B msg=Endpoint file incident suser=None cat=EP Test policy PE=Policy Engine  TEG-782 
2014-07-23 16:05:22 -- CEF:0|Websense|Data Security|7.8|408588|DLP Syslog|1| act=Blocked duser=ilp@websense.com fname=c:\temp\Test.txt - 294 B msg=Endpoint file incident suser=None cat=EP Test policy PE=Policy Engine  TEG-782 
2014-07-23 16:05:22 -- CEF:0|Websense|Data Security|7.8|408550|DLP Syslog|1| act=Blocked duser=ilp@websense.com fname=c:\temp\Test.txt - 294 B msg=Endpoint file incident suser=None cat=EP Test policy PE=Policy Engine  TEG-782 
2014-07-23 16:05:22 -- CEF:0|Websense|Data Security|7.8|408595|DLP Syslog|1| act=Blocked duser=ilp@websense.com fname=c:\temp\Test.txt - 294 B msg=Endpoint file incident suser=None cat=EP Test policy PE=Policy Engine  TEG-782 
2014-07-23 16:05:22 -- CEF:0|Websense|Data Security|7.8|408557|DLP Syslog|1| act=Blocked duser=ilp@websense.com fname=c:\temp\Test.txt - 294 B msg=Endpoint file incident suser=None cat=EP Test policy PE=Policy Engine  TEG-782 
2014-07-23 16:06:22 -- CEF:0|Websense|Data Security|7.8|408564|DLP Syslog|1| act=Blocked duser=ilp@websense.com fname=c:\temp\Test.txt - 294 B msg=Endpoint file incident suser=None cat=EP Test policy PE=Policy Engine  TEG-782 
2014-07-23 16:06:22 -- CEF:0|Websense|Data Security|7.8|408609|DLP Syslog|1| act=Blocked duser=ilp@websense.com fname=c:\temp\Test.txt - 294 B msg=Endpoint file incident suser=None cat=EP Test policy PE=Policy Engine  TEG-782 
2014-07-23 16:06:22 -- CEF:0|Websense|Data Security|7.8|408571|DLP Syslog|1| act=Blocked duser=ilp@websense.com fname=c:\temp\Test.txt - 294 B msg=Endpoint file incident suser=None cat=EP Test policy PE=Policy Engine  TEG-782 
2014-07-23 16:06:22 -- CEF:0|Websense|Data Security|7.8|408616|DLP Syslog|1| act=Blocked duser=ilp@websense.com fname=c:\temp\Test.txt - 294 B msg=Endpoint file incident suser=None cat=EP Test policy PE=Policy Engine  TEG-782 
2014-07-23 16:06:22 -- CEF:0|Websense|Data Security|7.8|408578|DLP Syslog|1| act=Blocked duser=ilp@websense.com fname=c:\temp\Test.txt - 294 B msg=Endpoint file incident suser=None cat=EP Test policy PE=Policy Engine  TEG-782 
2014-07-23 16:06:22 -- CEF:0|Websense|Data Security|7.8|408623|DLP Syslog|1| act=Blocked duser=ilp@websense.com fname=c:\temp\Test.txt - 294 B msg=Endpoint file incident suser=None cat=EP Test policy PE=Policy Engine  TEG-782 
2014-07-23 16:06:22 -- CEF:0|Websense|Data Security|7.8|408585|DLP Syslog|1| act=Blocked duser=ilp@websense.com fname=c:\temp\Test.txt - 294 B msg=Endpoint file incident suser=None cat=EP Test policy PE=Policy Engine  TEG-782 
2014-07-23 16:06:22 -- CEF:0|Websense|Data Security|7.8|408630|DLP Syslog|1| act=Blocked duser=ilp@websense.com fname=c:\temp\Test.txt - 294 B msg=Endpoint file incident suser=None cat=EP Test policy PE=Policy Engine  TEG-782 
2014-07-23 16:06:22 -- CEF:0|Websense|Data Security|7.8|408667|DLP Syslog|1| act=Blocked duser=ilp@websense.com fname=c:\temp\Test.txt - 294 B msg=Endpoint file incident suser=None cat=EP Test policy PE=Policy Engine  TEG-782 
2014-07-23 16:06:22 -- CEF:0|Websense|Data Security|7.8|408637|DLP Syslog|1| act=Blocked duser=ilp@websense.com fname=c:\temp\Test.txt - 294 B msg=Endpoint file incident suser=None cat=EP Test policy PE=Policy Engine  TEG-782 
2014-07-23 16:06:22 -- CEF:0|Websense|Data Security|7.8|408674|DLP Syslog|1| act=Blocked duser=ilp@websense.com fname=c:\temp\Test.txt - 294 B msg=Endpoint file incident suser=None cat=EP Test policy PE=Policy Engine  TEG-782 
2014-07-23 16:06:22 -- CEF:0|Websense|Data Security|7.8|408644|DLP Syslog|1| act=Blocked duser=ilp@websense.com fname=c:\temp\Test.txt - 294 B msg=Endpoint file incident suser=None cat=EP Test policy PE=Policy Engine  TEG-782 
2014-07-23 16:07:22 -- CEF:0|Websense|Data Security|7.8|408681|DLP Syslog|1| act=Blocked duser=ilp@websense.com fname=c:\temp\Test.txt - 294 B msg=Endpoint file incident suser=None cat=EP Test policy PE=Policy Engine  TEG-782 
2014-07-23 16:07:22 -- CEF:0|Websense|Data Security|7.8|408651|DLP Syslog|1| act=Blocked duser=ilp@websense.com fname=c:\temp\Test.txt - 294 B msg=Endpoint file incident suser=None cat=EP Test policy PE=Policy Engine  TEG-782 
2014-07-23 16:07:22 -- CEF:0|Websense|Data Security|7.8|408688|DLP Syslog|1| act=Blocked duser=ilp@websense.com fname=c:\temp\Test.txt - 294 B msg=Endpoint file incident suser=None cat=EP Test policy PE=Policy Engine  TEG-782 
2014-07-23 16:07:22 -- CEF:0|Websense|Data Security|7.8|408658|DLP Syslog|1| act=Blocked duser=ilp@websense.com fname=c:\temp\Test.txt - 294 B msg=Endpoint file incident suser=None cat=EP Test policy PE=Policy Engine  TEG-782 
2014-07-23 16:07:22 -- CEF:0|Websense|Data Security|7.8|408695|DLP Syslog|1| act=Blocked duser=ilp@websense.com fname=c:\temp\Test.txt - 294 B msg=Endpoint file incident suser=None cat=EP Test policy PE=Policy Engine  TEG-782 
2014-07-23 16:07:22 -- CEF:0|Websense|Data Security|7.8|408740|DLP Syslog|1| act=Blocked duser=ilp@websense.com fname=c:\temp\Test.txt - 294 B msg=Endpoint file incident suser=None cat=EP Test policy PE=Policy Engine  TEG-782 
2014-07-23 16:07:22 -- CEF:0|Websense|Data Security|7.8|408702|DLP Syslog|1| act=Blocked duser=ilp@websense.com fname=c:\temp\Test.txt - 294 B msg=Endpoint file incident suser=None cat=EP Test policy PE=Policy Engine  TEG-782 
2014-07-23 16:07:22 -- CEF:0|Websense|Data Security|7.8|408747|DLP Syslog|1| act=Blocked duser=ilp@websense.com fname=c:\temp\Test.txt - 294 B msg=Endpoint file incident suser=None cat=EP Test policy PE=Policy Engine  TEG-782 
2014-07-23 16:07:22 -- CEF:0|Websense|Data Security|7.8|408709|DLP Syslog|1| act=Blocked duser=ilp@websense.com fname=c:\temp\Test.txt - 294 B msg=Endpoint file incident suser=None cat=EP Test policy PE=Policy Engine  TEG-782 
2014-07-23 16:07:22 -- CEF:0|Websense|Data Security|7.8|408754|DLP Syslog|1| act=Blocked duser=ilp@websense.com fname=c:\temp\Test.txt - 294 B msg=Endpoint file incident suser=None cat=EP Test policy PE=Policy Engine  TEG-782 
2014-07-23 16:07:22 -- CEF:0|Websense|Data Security|7.8|408716|DLP Syslog|1| act=Blocked duser=ilp@websense.com fname=c:\temp\Test.txt - 294 B msg=Endpoint file incident suser=None cat=EP Test policy PE=Policy Engine  TEG-782 
2014-07-23 16:07:22 -- CEF:0|Websense|Data Security|7.8|408761|DLP Syslog|1| act=Blocked duser=ilp@websense.com fname=c:\temp\Test.txt - 294 B msg=Endpoint file incident suser=None cat=EP Test policy PE=Policy Engine  TEG-782 
2014-07-23 16:08:23 -- CEF:0|Websense|Data Security|7.8|408723|DLP Syslog|1| act=Blocked duser=ilp@websense.com fname=c:\temp\Test.txt - 294 B msg=Endpoint file incident suser=None cat=EP Test policy PE=Policy Engine  TEG-782 
2014-07-23 16:08:23 -- CEF:0|Websense|Data Security|7.8|408768|DLP Syslog|1| act=Blocked duser=ilp@websense.com fname=c:\temp\Test.txt - 294 B msg=Endpoint file incident suser=None cat=EP Test policy PE=Policy Engine  TEG-782 
2014-07-23 16:08:23 -- CEF:0|Websense|Data Security|7.8|408730|DLP Syslog|1| act=Blocked duser=ilp@websense.com fname=c:\temp\Test.txt - 294 B msg=Endpoint file incident suser=None cat=EP Test policy PE=Policy Engine  TEG-782 
2014-07-23 16:08:23 -- CEF:0|Websense|Data Security|7.8|408775|DLP Syslog|1| act=Blocked duser=ilp@websense.com fname=c:\temp\Test.txt - 294 B msg=Endpoint file incident suser=None cat=EP Test policy PE=Policy Engine  TEG-782 
2014-07-23 16:08:23 -- CEF:0|Websense|Data Security|7.8|408737|DLP Syslog|1| act=Blocked duser=ilp@websense.com fname=c:\temp\Test.txt - 294 B msg=Endpoint file incident suser=None cat=EP Test policy PE=Policy Engine  TEG-782 
2014-07-23 16:08:23 -- CEF:0|Websense|Data Security|7.8|408782|DLP Syslog|1| act=Blocked duser=ilp@websense.com fname=c:\temp\Test.txt - 294 B msg=Endpoint file incident suser=None cat=EP Test policy PE=Policy Engine  TEG-782 
2014-07-23 16:08:23 -- CEF:0|Websense|Data Security|7.8|408819|DLP Syslog|1| act=Blocked duser=ilp@websense.com fname=c:\temp\Test.txt - 294 B msg=Endpoint file incident suser=None cat=EP Test policy PE=Policy Engine  TEG-782 
2014-07-23 16:12:26 -- Script terminated by Ctrl-C
2014-07-23 16:12:26 -- Script fired up 40 times, terminated at 2014-07-23 16:12:26 
2014-07-23 16:21:36 -- Script started
2014-07-23 16:22:39 -- CEF:0|Websense|Data Security|7.8|406751|DLP Syslog|1| act=Blocked duser=ilp@websense.com fname=c:\temp\Test.txt - 294 B msg=Endpoint file incident suser=None cat=EP Test policy PE=Policy Engine  TEG-782 
2014-07-23 16:29:16 -- Script started
2014-07-23 16:30:19 -- CEF:0|Websense|Data Security|7.8|409474|DLP Syslog|1| act=Blocked duser=ilp@websense.com fname=c:\temp\Test.txt - 294 B msg=Endpoint file incident suser=None cat=EP Test policy PE=Policy Engine  TEG-782 
2014-07-23 16:30:19 -- CEF:0|Websense|Data Security|7.8|409548|DLP Syslog|1| act=Blocked duser=ilp@websense.com fname=c:\temp\Test.txt - 294 B msg=Endpoint file incident suser=None cat=EP Test policy PE=Policy Engine  TEG-782 
2014-07-23 16:30:19 -- CEF:0|Websense|Data Security|7.8|409481|DLP Syslog|1| act=Blocked duser=ilp@websense.com fname=c:\temp\Test.txt - 294 B msg=Endpoint file incident suser=None cat=EP Test policy PE=Policy Engine  TEG-782 
2014-07-23 16:30:19 -- CEF:0|Websense|Data Security|7.8|409555|DLP Syslog|1| act=Blocked duser=ilp@websense.com fname=c:\temp\Test.txt - 294 B msg=Endpoint file incident suser=None cat=EP Test policy PE=Policy Engine  TEG-782 
2014-07-23 16:30:19 -- CEF:0|Websense|Data Security|7.8|409713|DLP Syslog|1| act=Blocked duser=ilp@websense.com fname=c:\temp\Test.txt - 294 B msg=Endpoint file incident suser=None cat=EP Test policy PE=Policy Engine  TEG-782 
2014-07-23 16:30:19 -- CEF:0|Websense|Data Security|7.8|409562|DLP Syslog|1| act=Blocked duser=ilp@websense.com fname=c:\temp\Test.txt - 294 B msg=Endpoint file incident suser=None cat=EP Test policy PE=Policy Engine  TEG-782 
2014-07-23 16:30:19 -- CEF:0|Websense|Data Security|7.8|409720|DLP Syslog|1| act=Blocked duser=ilp@websense.com fname=c:\temp\Test.txt - 294 B msg=Endpoint file incident suser=None cat=EP Test policy PE=Policy Engine  TEG-782 
2014-07-23 16:30:19 -- CEF:0|Websense|Data Security|7.8|409794|DLP Syslog|1| act=Blocked duser=ilp@websense.com fname=c:\temp\Test.txt - 294 B msg=Endpoint file incident suser=None cat=EP Test policy PE=Policy Engine  TEG-782 
2014-07-23 16:30:19 -- CEF:0|Websense|Data Security|7.8|409727|DLP Syslog|1| act=Blocked duser=ilp@websense.com fname=c:\temp\Test.txt - 294 B msg=Endpoint file incident suser=None cat=EP Test policy PE=Policy Engine  TEG-782 
2014-07-23 16:30:19 -- CEF:0|Websense|Data Security|7.8|408789|DLP Syslog|1| act=Blocked duser=ilp@websense.com fname=c:\temp\Test.txt - 294 B msg=Endpoint file incident suser=None cat=EP Test policy PE=Policy Engine  TEG-782 
2014-07-23 16:30:19 -- CEF:0|Websense|Data Security|7.8|396356|DLP Syslog|1| act=Blocked duser=ilp@websense.com fname=c:\temp\Test.txt - 294 B msg=Endpoint file incident suser=None cat=EP Test policy PE=Policy Engine  TEG-782 
2014-07-23 16:30:19 -- CEF:0|Websense|Data Security|7.8|408796|DLP Syslog|1| act=Blocked duser=ilp@websense.com fname=c:\temp\Test.txt - 294 B msg=Endpoint file incident suser=None cat=EP Test policy PE=Policy Engine  TEG-782 
2014-07-23 16:30:19 -- Script terminated by Ctrl-C
2014-07-23 16:30:19 -- Script fired up 1 times, terminated at 2014-07-23 16:30:19 
2014-07-23 16:31:17 -- Script started
2014-07-23 16:32:19 -- CEF:0|Websense|Data Security|7.8|409905|DLP Syslog|1| act=Blocked duser=ilp@websense.com fname=c:\temp\Test.txt - 294 B msg=Endpoint file incident suser=None cat=EP Test policy PE=Policy Engine  TEG-782 
2014-07-23 16:35:45 -- Script started
2014-07-23 16:36:48 -- CEF:0|Websense|Data Security|7.8|410319|DLP Syslog|1| act=Blocked duser=ilp@websense.com fname=c:\temp\Test.txt - 294 B msg=Endpoint file incident suser=None cat=EP Test policy PE=Policy Engine  TEG-782 
2014-07-23 16:38:35 -- Script started
2014-07-23 16:40:38 -- CEF:0|Websense|Data Security|7.8|409801|DLP Syslog|1| act=Blocked duser=ilp@websense.com fname=c:\temp\Test.txt - 294 B msg=Endpoint file incident suser=None cat=EP Test policy PE=Policy Engine  TEG-782 
2014-07-23 16:40:38 -- CEF:0|Websense|Data Security|7.8|410478|DLP Syslog|1| act=Blocked duser=ilp@websense.com fname=c:\temp\Test.txt - 294 B msg=Endpoint file incident suser=None cat=EP Test policy PE=Policy Engine  TEG-782 
2014-07-23 16:40:38 -- CEF:0|Websense|Data Security|7.8|409808|DLP Syslog|1| act=Blocked duser=ilp@websense.com fname=c:\temp\Test.txt - 294 B msg=Endpoint file incident suser=None cat=EP Test policy PE=Policy Engine  TEG-782 
2014-07-23 16:40:38 -- CEF:0|Websense|Data Security|7.8|410485|DLP Syslog|1| act=Blocked duser=ilp@websense.com fname=c:\temp\Test.txt - 294 B msg=Endpoint file incident suser=None cat=EP Test policy PE=Policy Engine  TEG-782 
2014-07-23 16:40:38 -- CEF:0|Websense|Data Security|7.8|409815|DLP Syslog|1| act=Blocked duser=ilp@websense.com fname=c:\temp\Test.txt - 294 B msg=Endpoint file incident suser=None cat=EP Test policy PE=Policy Engine  TEG-782 
2014-07-23 16:40:38 -- CEF:0|Websense|Data Security|7.8|410492|DLP Syslog|1| act=Blocked duser=ilp@websense.com fname=c:\temp\Test.txt - 294 B msg=Endpoint file incident suser=None cat=EP Test policy PE=Policy Engine  TEG-782 
2014-07-23 16:41:38 -- CEF:0|Websense|Data Security|7.8|410499|DLP Syslog|1| act=Blocked duser=ilp@websense.com fname=c:\temp\Test.txt - 294 B msg=Endpoint file incident suser=None cat=EP Test policy PE=Policy Engine  TEG-782 
2014-07-23 16:41:38 -- CEF:0|Websense|Data Security|7.8|409829|DLP Syslog|1| act=Blocked duser=ilp@websense.com fname=c:\temp\Test.txt - 294 B msg=Endpoint file incident suser=None cat=EP Test policy PE=Policy Engine  TEG-782 
2014-07-23 16:41:38 -- CEF:0|Websense|Data Security|7.8|410506|DLP Syslog|1| act=Blocked duser=ilp@websense.com fname=c:\temp\Test.txt - 294 B msg=Endpoint file incident suser=None cat=EP Test policy PE=Policy Engine  TEG-782 
2014-07-23 16:41:38 -- CEF:0|Websense|Data Security|7.8|409836|DLP Syslog|1| act=Blocked duser=ilp@websense.com fname=c:\temp\Test.txt - 294 B msg=Endpoint file incident suser=None cat=EP Test policy PE=Policy Engine  TEG-782 
2014-07-23 16:41:38 -- CEF:0|Websense|Data Security|7.8|410513|DLP Syslog|1| act=Blocked duser=ilp@websense.com fname=c:\temp\Test.txt - 294 B msg=Endpoint file incident suser=None cat=EP Test policy PE=Policy Engine  TEG-782 
2014-07-23 16:41:38 -- CEF:0|Websense|Data Security|7.8|409843|DLP Syslog|1| act=Blocked duser=ilp@websense.com fname=c:\temp\Test.txt - 294 B msg=Endpoint file incident suser=None cat=EP Test policy PE=Policy Engine  TEG-782 
2014-07-23 16:41:38 -- CEF:0|Websense|Data Security|7.8|410520|DLP Syslog|1| act=Blocked duser=ilp@websense.com fname=c:\temp\Test.txt - 294 B msg=Endpoint file incident suser=None cat=EP Test policy PE=Policy Engine  TEG-782 
2014-07-23 16:41:38 -- CEF:0|Websense|Data Security|7.8|409850|DLP Syslog|1| act=Blocked duser=ilp@websense.com fname=c:\temp\Test.txt - 294 B msg=Endpoint file incident suser=None cat=EP Test policy PE=Policy Engine  TEG-782 
2014-07-23 16:41:38 -- CEF:0|Websense|Data Security|7.8|410527|DLP Syslog|1| act=Blocked duser=ilp@websense.com fname=c:\temp\Test.txt - 294 B msg=Endpoint file incident suser=None cat=EP Test policy PE=Policy Engine  TEG-782 
2014-07-23 16:41:38 -- CEF:0|Websense|Data Security|7.8|409857|DLP Syslog|1| act=Blocked duser=ilp@websense.com fname=c:\temp\Test.txt - 294 B msg=Endpoint file incident suser=None cat=EP Test policy PE=Policy Engine  TEG-782 
2014-07-23 16:41:38 -- CEF:0|Websense|Data Security|7.8|410534|DLP Syslog|1| act=Blocked duser=ilp@websense.com fname=c:\temp\Test.txt - 294 B msg=Endpoint file incident suser=None cat=EP Test policy PE=Policy Engine  TEG-782 
2014-07-23 16:42:39 -- CEF:0|Websense|Data Security|7.8|410616|DLP Syslog|1| act=Blocked duser=ilp@websense.com fname=c:\temp\Test.txt - 294 B msg=Endpoint file incident suser=None cat=EP Test policy PE=Policy Engine  TEG-782 
2014-07-23 16:42:39 -- CEF:0|Websense|Data Security|7.8|410546|DLP Syslog|1| act=Blocked duser=ilp@websense.com fname=c:\temp\Test.txt - 294 B msg=Endpoint file incident suser=None cat=EP Test policy PE=Policy Engine  TEG-782 
2014-07-23 16:42:39 -- CEF:0|Websense|Data Security|7.8|410623|DLP Syslog|1| act=Blocked duser=ilp@websense.com fname=c:\temp\Test.txt - 294 B msg=Endpoint file incident suser=None cat=EP Test policy PE=Policy Engine  TEG-782 
2014-07-23 16:42:39 -- CEF:0|Websense|Data Security|7.8|410553|DLP Syslog|1| act=Blocked duser=ilp@websense.com fname=c:\temp\Test.txt - 294 B msg=Endpoint file incident suser=None cat=EP Test policy PE=Policy Engine  TEG-782 
2014-07-23 16:42:39 -- CEF:0|Websense|Data Security|7.8|410630|DLP Syslog|1| act=Blocked duser=ilp@websense.com fname=c:\temp\Test.txt - 294 B msg=Endpoint file incident suser=None cat=EP Test policy PE=Policy Engine  TEG-782 
2014-07-23 16:42:39 -- CEF:0|Websense|Data Security|7.8|410560|DLP Syslog|1| act=Blocked duser=ilp@websense.com fname=c:\temp\Test.txt - 294 B msg=Endpoint file incident suser=None cat=EP Test policy PE=Policy Engine  TEG-782 
2014-07-23 16:42:39 -- CEF:0|Websense|Data Security|7.8|410637|DLP Syslog|1| act=Blocked duser=ilp@websense.com fname=c:\temp\Test.txt - 294 B msg=Endpoint file incident suser=None cat=EP Test policy PE=Policy Engine  TEG-782 
2014-07-23 16:42:39 -- CEF:0|Websense|Data Security|7.8|410567|DLP Syslog|1| act=Blocked duser=ilp@websense.com fname=c:\temp\Test.txt - 294 B msg=Endpoint file incident suser=None cat=EP Test policy PE=Policy Engine  TEG-782 
2014-07-23 16:42:39 -- CEF:0|Websense|Data Security|7.8|410644|DLP Syslog|1| act=Blocked duser=ilp@websense.com fname=c:\temp\Test.txt - 294 B msg=Endpoint file incident suser=None cat=EP Test policy PE=Policy Engine  TEG-782 
2014-07-23 16:42:39 -- CEF:0|Websense|Data Security|7.8|410574|DLP Syslog|1| act=Blocked duser=ilp@websense.com fname=c:\temp\Test.txt - 294 B msg=Endpoint file incident suser=None cat=EP Test policy PE=Policy Engine  TEG-782 
2014-07-23 16:42:39 -- CEF:0|Websense|Data Security|7.8|410651|DLP Syslog|1| act=Blocked duser=ilp@websense.com fname=c:\temp\Test.txt - 294 B msg=Endpoint file incident suser=None cat=EP Test policy PE=Policy Engine  TEG-782 
2014-07-23 16:43:39 -- CEF:0|Websense|Data Security|7.8|410658|DLP Syslog|1| act=Blocked duser=ilp@websense.com fname=c:\temp\Test.txt - 294 B msg=Endpoint file incident suser=None cat=EP Test policy PE=Policy Engine  TEG-782 
2014-07-23 16:43:39 -- CEF:0|Websense|Data Security|7.8|410588|DLP Syslog|1| act=Blocked duser=ilp@websense.com fname=c:\temp\Test.txt - 294 B msg=Endpoint file incident suser=None cat=EP Test policy PE=Policy Engine  TEG-782 
2014-07-23 16:43:39 -- CEF:0|Websense|Data Security|7.8|410665|DLP Syslog|1| act=Blocked duser=ilp@websense.com fname=c:\temp\Test.txt - 294 B msg=Endpoint file incident suser=None cat=EP Test policy PE=Policy Engine  TEG-782 
2014-07-23 16:43:39 -- CEF:0|Websense|Data Security|7.8|410595|DLP Syslog|1| act=Blocked duser=ilp@websense.com fname=c:\temp\Test.txt - 294 B msg=Endpoint file incident suser=None cat=EP Test policy PE=Policy Engine  TEG-782 
2014-07-23 16:43:39 -- CEF:0|Websense|Data Security|7.8|410672|DLP Syslog|1| act=Blocked duser=ilp@websense.com fname=c:\temp\Test.txt - 294 B msg=Endpoint file incident suser=None cat=EP Test policy PE=Policy Engine  TEG-782 
2014-07-23 16:43:39 -- CEF:0|Websense|Data Security|7.8|410602|DLP Syslog|1| act=Blocked duser=ilp@websense.com fname=c:\temp\Test.txt - 294 B msg=Endpoint file incident suser=None cat=EP Test policy PE=Policy Engine  TEG-782 
2014-07-23 16:43:39 -- CEF:0|Websense|Data Security|7.8|410679|DLP Syslog|1| act=Blocked duser=ilp@websense.com fname=c:\temp\Test.txt - 294 B msg=Endpoint file incident suser=None cat=EP Test policy PE=Policy Engine  TEG-782 
2014-07-23 16:43:39 -- CEF:0|Websense|Data Security|7.8|410609|DLP Syslog|1| act=Blocked duser=ilp@websense.com fname=c:\temp\Test.txt - 294 B msg=Endpoint file incident suser=None cat=EP Test policy PE=Policy Engine  TEG-782 
2014-07-23 16:43:39 -- CEF:0|Websense|Data Security|7.8|410686|DLP Syslog|1| act=Blocked duser=ilp@websense.com fname=c:\temp\Test.txt - 294 B msg=Endpoint file incident suser=None cat=EP Test policy PE=Policy Engine  TEG-782 
2014-07-23 16:43:39 -- CEF:0|Websense|Data Security|7.8|410691|DLP Syslog|1| act=Blocked duser=ilp@websense.com fname=c:\temp\Test.txt - 294 B msg=Endpoint file incident suser=None cat=EP Test policy PE=Policy Engine  TEG-782 
2014-07-23 16:43:39 -- CEF:0|Websense|Data Security|7.8|410768|DLP Syslog|1| act=Blocked duser=ilp@websense.com fname=c:\temp\Test.txt - 294 B msg=Endpoint file incident suser=None cat=EP Test policy PE=Policy Engine  TEG-782 
2014-07-23 16:44:41 -- CEF:0|Websense|Data Security|7.8|410775|DLP Syslog|1| act=Blocked duser=ilp@websense.com fname=c:\temp\Test.txt - 294 B msg=Endpoint file incident suser=None cat=EP Test policy PE=Policy Engine  TEG-782 
2014-07-23 16:44:41 -- CEF:0|Websense|Data Security|7.8|410705|DLP Syslog|1| act=Blocked duser=ilp@websense.com fname=c:\temp\Test.txt - 294 B msg=Endpoint file incident suser=None cat=EP Test policy PE=Policy Engine  TEG-782 
2014-07-23 16:44:41 -- CEF:0|Websense|Data Security|7.8|410782|DLP Syslog|1| act=Blocked duser=ilp@websense.com fname=c:\temp\Test.txt - 294 B msg=Endpoint file incident suser=None cat=EP Test policy PE=Policy Engine  TEG-782 
2014-07-23 16:44:41 -- CEF:0|Websense|Data Security|7.8|410712|DLP Syslog|1| act=Blocked duser=ilp@websense.com fname=c:\temp\Test.txt - 294 B msg=Endpoint file incident suser=None cat=EP Test policy PE=Policy Engine  TEG-782 
2014-07-23 16:44:41 -- CEF:0|Websense|Data Security|7.8|410789|DLP Syslog|1| act=Blocked duser=ilp@websense.com fname=c:\temp\Test.txt - 294 B msg=Endpoint file incident suser=None cat=EP Test policy PE=Policy Engine  TEG-782 
2014-07-23 16:44:41 -- CEF:0|Websense|Data Security|7.8|410719|DLP Syslog|1| act=Blocked duser=ilp@websense.com fname=c:\temp\Test.txt - 294 B msg=Endpoint file incident suser=None cat=EP Test policy PE=Policy Engine  TEG-782 
2014-07-23 16:44:41 -- CEF:0|Websense|Data Security|7.8|410796|DLP Syslog|1| act=Blocked duser=ilp@websense.com fname=c:\temp\Test.txt - 294 B msg=Endpoint file incident suser=None cat=EP Test policy PE=Policy Engine  TEG-782 
2014-07-23 16:44:41 -- CEF:0|Websense|Data Security|7.8|410726|DLP Syslog|1| act=Blocked duser=ilp@websense.com fname=c:\temp\Test.txt - 294 B msg=Endpoint file incident suser=None cat=EP Test policy PE=Policy Engine  TEG-782 
2014-07-23 16:44:41 -- CEF:0|Websense|Data Security|7.8|410803|DLP Syslog|1| act=Blocked duser=ilp@websense.com fname=c:\temp\Test.txt - 294 B msg=Endpoint file incident suser=None cat=EP Test policy PE=Policy Engine  TEG-782 
2014-07-23 16:44:41 -- CEF:0|Websense|Data Security|7.8|410733|DLP Syslog|1| act=Blocked duser=ilp@websense.com fname=c:\temp\Test.txt - 294 B msg=Endpoint file incident suser=None cat=EP Test policy PE=Policy Engine  TEG-782 
2014-07-23 16:44:41 -- CEF:0|Websense|Data Security|7.8|410810|DLP Syslog|1| act=Blocked duser=ilp@websense.com fname=c:\temp\Test.txt - 294 B msg=Endpoint file incident suser=None cat=EP Test policy PE=Policy Engine  TEG-782 
2014-07-23 16:44:41 -- CEF:0|Websense|Data Security|7.8|410740|DLP Syslog|1| act=Blocked duser=ilp@websense.com fname=c:\temp\Test.txt - 294 B msg=Endpoint file incident suser=None cat=EP Test policy PE=Policy Engine  TEG-782 
2014-07-23 16:45:42 -- CEF:0|Websense|Data Security|7.8|410817|DLP Syslog|1| act=Blocked duser=ilp@websense.com fname=c:\temp\Test.txt - 294 B msg=Endpoint file incident suser=None cat=EP Test policy PE=Policy Engine  TEG-782 
2014-07-23 16:45:42 -- CEF:0|Websense|Data Security|7.8|410747|DLP Syslog|1| act=Blocked duser=ilp@websense.com fname=c:\temp\Test.txt - 294 B msg=Endpoint file incident suser=None cat=EP Test policy PE=Policy Engine  TEG-782 
2014-07-23 16:45:42 -- CEF:0|Websense|Data Security|7.8|410824|DLP Syslog|1| act=Blocked duser=ilp@websense.com fname=c:\temp\Test.txt - 294 B msg=Endpoint file incident suser=None cat=EP Test policy PE=Policy Engine  TEG-782 
2014-07-23 16:45:42 -- CEF:0|Websense|Data Security|7.8|410754|DLP Syslog|1| act=Blocked duser=ilp@websense.com fname=c:\temp\Test.txt - 294 B msg=Endpoint file incident suser=None cat=EP Test policy PE=Policy Engine  TEG-782 
2014-07-23 16:45:42 -- CEF:0|Websense|Data Security|7.8|410831|DLP Syslog|1| act=Blocked duser=ilp@websense.com fname=c:\temp\Test.txt - 294 B msg=Endpoint file incident suser=None cat=EP Test policy PE=Policy Engine  TEG-782 
2014-07-23 16:45:42 -- CEF:0|Websense|Data Security|7.8|410761|DLP Syslog|1| act=Blocked duser=ilp@websense.com fname=c:\temp\Test.txt - 294 B msg=Endpoint file incident suser=None cat=EP Test policy PE=Policy Engine  TEG-782 
2014-07-23 16:45:42 -- CEF:0|Websense|Data Security|7.8|410913|DLP Syslog|1| act=Blocked duser=ilp@websense.com fname=c:\temp\Test.txt - 294 B msg=Endpoint file incident suser=None cat=EP Test policy PE=Policy Engine  TEG-782 
2014-07-23 16:45:42 -- CEF:0|Websense|Data Security|7.8|410843|DLP Syslog|1| act=Blocked duser=ilp@websense.com fname=c:\temp\Test.txt - 294 B msg=Endpoint file incident suser=None cat=EP Test policy PE=Policy Engine  TEG-782 
2014-07-23 16:45:42 -- CEF:0|Websense|Data Security|7.8|410920|DLP Syslog|1| act=Blocked duser=ilp@websense.com fname=c:\temp\Test.txt - 294 B msg=Endpoint file incident suser=None cat=EP Test policy PE=Policy Engine  TEG-782 
2014-07-23 16:45:42 -- CEF:0|Websense|Data Security|7.8|410850|DLP Syslog|1| act=Blocked duser=ilp@websense.com fname=c:\temp\Test.txt - 294 B msg=Endpoint file incident suser=None cat=EP Test policy PE=Policy Engine  TEG-782 
2014-07-23 16:45:42 -- CEF:0|Websense|Data Security|7.8|410927|DLP Syslog|1| act=Blocked duser=ilp@websense.com fname=c:\temp\Test.txt - 294 B msg=Endpoint file incident suser=None cat=EP Test policy PE=Policy Engine  TEG-782 
2014-07-23 16:45:42 -- CEF:0|Websense|Data Security|7.8|410857|DLP Syslog|1| act=Blocked duser=ilp@websense.com fname=c:\temp\Test.txt - 294 B msg=Endpoint file incident suser=None cat=EP Test policy PE=Policy Engine  TEG-782 
2014-07-23 16:46:42 -- CEF:0|Websense|Data Security|7.8|410864|DLP Syslog|1| act=Blocked duser=ilp@websense.com fname=c:\temp\Test.txt - 294 B msg=Endpoint file incident suser=None cat=EP Test policy PE=Policy Engine  TEG-782 
2014-07-23 16:46:42 -- CEF:0|Websense|Data Security|7.8|410941|DLP Syslog|1| act=Blocked duser=ilp@websense.com fname=c:\temp\Test.txt - 294 B msg=Endpoint file incident suser=None cat=EP Test policy PE=Policy Engine  TEG-782 
2014-07-23 16:46:42 -- CEF:0|Websense|Data Security|7.8|410871|DLP Syslog|1| act=Blocked duser=ilp@websense.com fname=c:\temp\Test.txt - 294 B msg=Endpoint file incident suser=None cat=EP Test policy PE=Policy Engine  TEG-782 
2014-07-23 16:46:42 -- CEF:0|Websense|Data Security|7.8|410948|DLP Syslog|1| act=Blocked duser=ilp@websense.com fname=c:\temp\Test.txt - 294 B msg=Endpoint file incident suser=None cat=EP Test policy PE=Policy Engine  TEG-782 
2014-07-23 16:46:42 -- CEF:0|Websense|Data Security|7.8|410878|DLP Syslog|1| act=Blocked duser=ilp@websense.com fname=c:\temp\Test.txt - 294 B msg=Endpoint file incident suser=None cat=EP Test policy PE=Policy Engine  TEG-782 
2014-07-23 16:46:42 -- CEF:0|Websense|Data Security|7.8|410955|DLP Syslog|1| act=Blocked duser=ilp@websense.com fname=c:\temp\Test.txt - 294 B msg=Endpoint file incident suser=None cat=EP Test policy PE=Policy Engine  TEG-782 
2014-07-23 16:46:42 -- CEF:0|Websense|Data Security|7.8|410885|DLP Syslog|1| act=Blocked duser=ilp@websense.com fname=c:\temp\Test.txt - 294 B msg=Endpoint file incident suser=None cat=EP Test policy PE=Policy Engine  TEG-782 
2014-07-23 16:46:42 -- CEF:0|Websense|Data Security|7.8|410962|DLP Syslog|1| act=Blocked duser=ilp@websense.com fname=c:\temp\Test.txt - 294 B msg=Endpoint file incident suser=None cat=EP Test policy PE=Policy Engine  TEG-782 
2014-07-23 16:46:42 -- CEF:0|Websense|Data Security|7.8|410892|DLP Syslog|1| act=Blocked duser=ilp@websense.com fname=c:\temp\Test.txt - 294 B msg=Endpoint file incident suser=None cat=EP Test policy PE=Policy Engine  TEG-782 
2014-07-23 16:46:42 -- CEF:0|Websense|Data Security|7.8|410969|DLP Syslog|1| act=Blocked duser=ilp@websense.com fname=c:\temp\Test.txt - 294 B msg=Endpoint file incident suser=None cat=EP Test policy PE=Policy Engine  TEG-782 
2014-07-23 16:46:42 -- CEF:0|Websense|Data Security|7.8|410899|DLP Syslog|1| act=Blocked duser=ilp@websense.com fname=c:\temp\Test.txt - 294 B msg=Endpoint file incident suser=None cat=EP Test policy PE=Policy Engine  TEG-782 
2014-07-23 16:47:43 -- CEF:0|Websense|Data Security|7.8|410906|DLP Syslog|1| act=Blocked duser=ilp@websense.com fname=c:\temp\Test.txt - 294 B msg=Endpoint file incident suser=None cat=EP Test policy PE=Policy Engine  TEG-782 
2014-07-23 16:47:43 -- CEF:0|Websense|Data Security|7.8|410983|DLP Syslog|1| act=Blocked duser=ilp@websense.com fname=c:\temp\Test.txt - 294 B msg=Endpoint file incident suser=None cat=EP Test policy PE=Policy Engine  TEG-782 
2014-07-23 16:47:43 -- CEF:0|Websense|Data Security|7.8|411063|DLP Syslog|1| act=Blocked duser=ilp@websense.com fname=c:\temp\Test.txt - 294 B msg=Endpoint file incident suser=None cat=EP Test policy PE=Policy Engine  TEG-782 
2014-07-23 16:47:43 -- CEF:0|Websense|Data Security|7.8|410990|DLP Syslog|1| act=Blocked duser=ilp@websense.com fname=c:\temp\Test.txt - 294 B msg=Endpoint file incident suser=None cat=EP Test policy PE=Policy Engine  TEG-782 
2014-07-23 16:47:43 -- CEF:0|Websense|Data Security|7.8|411070|DLP Syslog|1| act=Blocked duser=ilp@websense.com fname=c:\temp\Test.txt - 294 B msg=Endpoint file incident suser=None cat=EP Test policy PE=Policy Engine  TEG-782 
2014-07-23 16:47:43 -- CEF:0|Websense|Data Security|7.8|410997|DLP Syslog|1| act=Blocked duser=ilp@websense.com fname=c:\temp\Test.txt - 294 B msg=Endpoint file incident suser=None cat=EP Test policy PE=Policy Engine  TEG-782 
2014-07-23 16:47:43 -- CEF:0|Websense|Data Security|7.8|411077|DLP Syslog|1| act=Blocked duser=ilp@websense.com fname=c:\temp\Test.txt - 294 B msg=Endpoint file incident suser=None cat=EP Test policy PE=Policy Engine  TEG-782 
2014-07-23 16:47:43 -- CEF:0|Websense|Data Security|7.8|411004|DLP Syslog|1| act=Blocked duser=ilp@websense.com fname=c:\temp\Test.txt - 294 B msg=Endpoint file incident suser=None cat=EP Test policy PE=Policy Engine  TEG-782 
2014-07-23 16:47:43 -- CEF:0|Websense|Data Security|7.8|411084|DLP Syslog|1| act=Blocked duser=ilp@websense.com fname=c:\temp\Test.txt - 294 B msg=Endpoint file incident suser=None cat=EP Test policy PE=Policy Engine  TEG-782 
2014-07-23 16:47:43 -- CEF:0|Websense|Data Security|7.8|411011|DLP Syslog|1| act=Blocked duser=ilp@websense.com fname=c:\temp\Test.txt - 294 B msg=Endpoint file incident suser=None cat=EP Test policy PE=Policy Engine  TEG-782 
2014-07-23 16:47:43 -- CEF:0|Websense|Data Security|7.8|411091|DLP Syslog|1| act=Blocked duser=ilp@websense.com fname=c:\temp\Test.txt - 294 B msg=Endpoint file incident suser=None cat=EP Test policy PE=Policy Engine  TEG-782 
2014-07-23 16:48:43 -- CEF:0|Websense|Data Security|7.8|411098|DLP Syslog|1| act=Blocked duser=ilp@websense.com fname=c:\temp\Test.txt - 294 B msg=Endpoint file incident suser=None cat=EP Test policy PE=Policy Engine  TEG-782 
2014-07-23 16:48:43 -- CEF:0|Websense|Data Security|7.8|411025|DLP Syslog|1| act=Blocked duser=ilp@websense.com fname=c:\temp\Test.txt - 294 B msg=Endpoint file incident suser=None cat=EP Test policy PE=Policy Engine  TEG-782 
2014-07-23 16:48:43 -- CEF:0|Websense|Data Security|7.8|411105|DLP Syslog|1| act=Blocked duser=ilp@websense.com fname=c:\temp\Test.txt - 294 B msg=Endpoint file incident suser=None cat=EP Test policy PE=Policy Engine  TEG-782 
2014-07-23 16:48:43 -- CEF:0|Websense|Data Security|7.8|411032|DLP Syslog|1| act=Blocked duser=ilp@websense.com fname=c:\temp\Test.txt - 294 B msg=Endpoint file incident suser=None cat=EP Test policy PE=Policy Engine  TEG-782 
2014-07-23 16:48:43 -- CEF:0|Websense|Data Security|7.8|411112|DLP Syslog|1| act=Blocked duser=ilp@websense.com fname=c:\temp\Test.txt - 294 B msg=Endpoint file incident suser=None cat=EP Test policy PE=Policy Engine  TEG-782 
2014-07-23 16:48:43 -- CEF:0|Websense|Data Security|7.8|411039|DLP Syslog|1| act=Blocked duser=ilp@websense.com fname=c:\temp\Test.txt - 294 B msg=Endpoint file incident suser=None cat=EP Test policy PE=Policy Engine  TEG-782 
2014-07-23 16:48:43 -- CEF:0|Websense|Data Security|7.8|411119|DLP Syslog|1| act=Blocked duser=ilp@websense.com fname=c:\temp\Test.txt - 294 B msg=Endpoint file incident suser=None cat=EP Test policy PE=Policy Engine  TEG-782 
2014-07-23 16:48:43 -- CEF:0|Websense|Data Security|7.8|411046|DLP Syslog|1| act=Blocked duser=ilp@websense.com fname=c:\temp\Test.txt - 294 B msg=Endpoint file incident suser=None cat=EP Test policy PE=Policy Engine  TEG-782 
2014-07-23 16:53:44 -- Script terminated by Ctrl-C
2014-07-23 16:53:44 -- Script fired up 15 times, terminated at 2014-07-23 16:53:44 
2014-07-29 21:00:24 -- Script started
2014-07-29 21:00:47 -- Script started
2014-07-29 21:02:58 -- Script started
2014-07-29 21:02:58 -- Script terminated by Ctrl-C
2014-07-29 21:02:58 -- Script fired up 0 times, terminated at 0 
2014-07-29 21:03:12 -- Script started
2014-07-29 21:04:17 -- CEF:0|Websense|Data Security|7.8|409734|DLP Syslog|1| act=Blocked duser=ilp@websense.com fname=c:\temp\Test.txt - 294 B msg=Endpoint file incident suser=None cat=EP Test policy PE=Policy Engine  TEG-782 
2014-07-29 21:04:27 -- CEF:0|Websense|Data Security|7.8|409741|DLP Syslog|1| act=Blocked duser=ilp@websense.com fname=c:\temp\Test.txt - 294 B msg=Endpoint file incident suser=None cat=EP Test policy PE=Policy Engine  TEG-782 
2014-07-29 21:04:37 -- CEF:0|Websense|Data Security|7.8|409748|DLP Syslog|1| act=Blocked duser=ilp@websense.com fname=c:\temp\Test.txt - 294 B msg=Endpoint file incident suser=None cat=EP Test policy PE=Policy Engine  TEG-782 
2014-07-29 21:04:37 -- Script terminated by Ctrl-C
2014-07-29 21:04:37 -- Script fired up 8 times, terminated at 2014-07-29 21:04:37 
2014-07-29 21:13:21 -- Script started
2014-07-29 21:14:40 -- Script started
2014-07-29 21:14:54 -- CEF:0|Websense|Data Security|7.8|405251|DLP Syslog|1| act=Blocked duser=ilp@websense.com fname=c:\temp\Test.txt - 294 B msg=Endpoint file incident suser=None cat=EP Test policy PE=Policy Engine  TEG-782 
2014-07-29 21:14:54 -- CEF:0|Websense|Data Security|7.8|411326|DLP Syslog|1| act=Blocked duser=ilp@websense.com fname=c:\temp\Test.txt - 294 B msg=Endpoint file incident suser=None cat=EP Test policy PE=Policy Engine  TEG-782 
2014-07-29 21:15:06 -- CEF:0|Websense|Data Security|7.8|405258|DLP Syslog|1| act=Blocked duser=ilp@websense.com fname=c:\temp\Test.txt - 294 B msg=Endpoint file incident suser=None cat=EP Test policy PE=Policy Engine  TEG-782 
2014-07-29 21:15:06 -- CEF:0|Websense|Data Security|7.8|411333|DLP Syslog|1| act=Blocked duser=ilp@websense.com fname=c:\temp\Test.txt - 294 B msg=Endpoint file incident suser=None cat=EP Test policy PE=Policy Engine  TEG-782 
2014-07-29 21:15:17 -- CEF:0|Websense|Data Security|7.8|405265|DLP Syslog|1| act=Blocked duser=ilp@websense.com fname=c:\temp\Test.txt - 294 B msg=Endpoint file incident suser=None cat=EP Test policy PE=Policy Engine  TEG-782 
2014-07-29 21:15:17 -- CEF:0|Websense|Data Security|7.8|411340|DLP Syslog|1| act=Blocked duser=ilp@websense.com fname=c:\temp\Test.txt - 294 B msg=Endpoint file incident suser=None cat=EP Test policy PE=Policy Engine  TEG-782 
2014-07-29 21:15:27 -- CEF:0|Websense|Data Security|7.8|405272|DLP Syslog|1| act=Blocked duser=ilp@websense.com fname=c:\temp\Test.txt - 294 B msg=Endpoint file incident suser=None cat=EP Test policy PE=Policy Engine  TEG-782 
2014-07-29 21:15:27 -- CEF:0|Websense|Data Security|7.8|411347|DLP Syslog|1| act=Blocked duser=ilp@websense.com fname=c:\temp\Test.txt - 294 B msg=Endpoint file incident suser=None cat=EP Test policy PE=Policy Engine  TEG-782 
2014-07-29 21:15:37 -- CEF:0|Websense|Data Security|7.8|405279|DLP Syslog|1| act=Blocked duser=ilp@websense.com fname=c:\temp\Test.txt - 294 B msg=Endpoint file incident suser=None cat=EP Test policy PE=Policy Engine  TEG-782 
2014-07-29 21:15:37 -- CEF:0|Websense|Data Security|7.8|411354|DLP Syslog|1| act=Blocked duser=ilp@websense.com fname=c:\temp\Test.txt - 294 B msg=Endpoint file incident suser=None cat=EP Test policy PE=Policy Engine  TEG-782 
2014-07-29 21:15:48 -- CEF:0|Websense|Data Security|7.8|405286|DLP Syslog|1| act=Blocked duser=ilp@websense.com fname=c:\temp\Test.txt - 294 B msg=Endpoint file incident suser=None cat=EP Test policy PE=Policy Engine  TEG-782 
2014-07-29 21:15:48 -- CEF:0|Websense|Data Security|7.8|411361|DLP Syslog|1| act=Blocked duser=ilp@websense.com fname=c:\temp\Test.txt - 294 B msg=Endpoint file incident suser=None cat=EP Test policy PE=Policy Engine  TEG-782 
2014-07-29 21:15:48 -- Script terminated by Ctrl-C
2014-07-29 21:15:48 -- Script fired up 6 times, terminated at 2014-07-29 21:15:48 
2014-07-29 21:17:23 -- Script started
2014-07-29 21:17:35 -- CEF:0|Websense|Data Security|7.8|406911|DLP Syslog|1| act=Blocked duser=ilp@websense.com fname=c:\temp\Test.txt - 294 B msg=Endpoint file incident suser=None cat=EP Test policy PE=Policy Engine  TEG-782 
2014-07-29 21:17:45 -- CEF:0|Websense|Data Security|7.8|406918|DLP Syslog|1| act=Blocked duser=ilp@websense.com fname=c:\temp\Test.txt - 294 B msg=Endpoint file incident suser=None cat=EP Test policy PE=Policy Engine  TEG-782 
2014-07-29 21:17:45 -- CEF:0|Websense|Data Security|7.8|411603|DLP Syslog|1| act=Blocked duser=ilp@websense.com fname=c:\temp\Test.txt - 294 B msg=Endpoint file incident suser=None cat=EP Test policy PE=Policy Engine  TEG-782 
2014-07-29 21:17:55 -- CEF:0|Websense|Data Security|7.8|406925|DLP Syslog|1| act=Blocked duser=ilp@websense.com fname=c:\temp\Test.txt - 294 B msg=Endpoint file incident suser=None cat=EP Test policy PE=Policy Engine  TEG-782 
2014-07-29 21:17:55 -- CEF:0|Websense|Data Security|7.8|411610|DLP Syslog|1| act=Blocked duser=ilp@websense.com fname=c:\temp\Test.txt - 294 B msg=Endpoint file incident suser=None cat=EP Test policy PE=Policy Engine  TEG-782 
2014-07-29 21:18:06 -- CEF:0|Websense|Data Security|7.8|406932|DLP Syslog|1| act=Blocked duser=ilp@websense.com fname=c:\temp\Test.txt - 294 B msg=Endpoint file incident suser=None cat=EP Test policy PE=Policy Engine  TEG-782 
2014-07-29 21:18:06 -- CEF:0|Websense|Data Security|7.8|411617|DLP Syslog|1| act=Blocked duser=ilp@websense.com fname=c:\temp\Test.txt - 294 B msg=Endpoint file incident suser=None cat=EP Test policy PE=Policy Engine  TEG-782 
2014-07-29 21:18:16 -- CEF:0|Websense|Data Security|7.8|412039|DLP Syslog|1| act=Blocked duser=ilp@websense.com fname=c:\temp\Test.txt - 294 B msg=Endpoint file incident suser=None cat=EP Test policy PE=Policy Engine  TEG-782 
2014-07-29 21:18:26 -- Script terminated by Ctrl-C
2014-07-29 21:18:26 -- Script fired up 6 times, terminated at 2014-07-29 21:18:26 
2014-07-29 21:20:35 -- Script started
2014-07-29 21:20:48 -- CEF:0|Websense|Data Security|7.8|411900|DLP Syslog|1| act=Blocked duser=ilp@websense.com fname=c:\temp\Test.txt - 294 B msg=Endpoint file incident suser=None cat=EP Test policy PE=Policy Engine  TEG-782 
2014-07-29 21:20:48 -- CEF:0|Websense|Data Security|7.8|411624|DLP Syslog|1| act=Blocked duser=ilp@websense.com fname=c:\temp\Test.txt - 294 B msg=Endpoint file incident suser=None cat=EP Test policy PE=Policy Engine  TEG-782 
2014-07-29 21:20:59 -- CEF:0|Websense|Data Security|7.8|411907|DLP Syslog|1| act=Blocked duser=ilp@websense.com fname=c:\temp\Test.txt - 294 B msg=Endpoint file incident suser=None cat=EP Test policy PE=Policy Engine  TEG-782 
2014-07-29 21:20:59 -- CEF:0|Websense|Data Security|7.8|411631|DLP Syslog|1| act=Blocked duser=ilp@websense.com fname=c:\temp\Test.txt - 294 B msg=Endpoint file incident suser=None cat=EP Test policy PE=Policy Engine  TEG-782 
2014-07-29 21:21:09 -- CEF:0|Websense|Data Security|7.8|411914|DLP Syslog|1| act=Blocked duser=ilp@websense.com fname=c:\temp\Test.txt - 294 B msg=Endpoint file incident suser=None cat=EP Test policy PE=Policy Engine  TEG-782 
2014-07-29 21:21:09 -- CEF:0|Websense|Data Security|7.8|411638|DLP Syslog|1| act=Blocked duser=ilp@websense.com fname=c:\temp\Test.txt - 294 B msg=Endpoint file incident suser=None cat=EP Test policy PE=Policy Engine  TEG-782 
2014-07-29 21:21:19 -- CEF:0|Websense|Data Security|7.8|411921|DLP Syslog|1| act=Blocked duser=ilp@websense.com fname=c:\temp\Test.txt - 294 B msg=Endpoint file incident suser=None cat=EP Test policy PE=Policy Engine  TEG-782 
2014-07-29 21:21:19 -- CEF:0|Websense|Data Security|7.8|411645|DLP Syslog|1| act=Blocked duser=ilp@websense.com fname=c:\temp\Test.txt - 294 B msg=Endpoint file incident suser=None cat=EP Test policy PE=Policy Engine  TEG-782 
2014-07-29 21:21:19 -- Script terminated by Ctrl-C
2014-07-29 21:21:19 -- Script fired up 4 times, terminated at 2014-07-29 21:21:19 
2014-07-29 21:22:40 -- Script started
2014-07-29 21:22:54 -- CEF:0|Websense|Data Security|7.8|412046|DLP Syslog|1| act=Blocked duser=ilp@websense.com fname=c:\temp\Test.txt - 294 B msg=Endpoint file incident suser=None cat=EP Test policy PE=Policy Engine  TEG-782 
2014-07-29 21:22:54 -- CEF:0|Websense|Data Security|7.8|411528|DLP Syslog|1| act=Blocked duser=ilp@websense.com fname=c:\temp\Test.txt - 294 B msg=Endpoint file incident suser=None cat=EP Test policy PE=Policy Engine  TEG-782 
2014-07-29 21:22:54 -- CEF:0|Websense|Data Security|7.8|412053|DLP Syslog|1| act=Blocked duser=ilp@websense.com fname=c:\temp\Test.txt - 294 B msg=Endpoint file incident suser=None cat=EP Test policy PE=Policy Engine  TEG-782 
2014-07-29 21:23:04 -- CEF:0|Websense|Data Security|7.8|411535|DLP Syslog|1| act=Blocked duser=ilp@websense.com fname=c:\temp\Test.txt - 294 B msg=Endpoint file incident suser=None cat=EP Test policy PE=Policy Engine  TEG-782 
2014-07-29 21:23:04 -- CEF:0|Websense|Data Security|7.8|412060|DLP Syslog|1| act=Blocked duser=ilp@websense.com fname=c:\temp\Test.txt - 294 B msg=Endpoint file incident suser=None cat=EP Test policy PE=Policy Engine  TEG-782 
2014-07-29 21:23:14 -- CEF:0|Websense|Data Security|7.8|411542|DLP Syslog|1| act=Blocked duser=ilp@websense.com fname=c:\temp\Test.txt - 294 B msg=Endpoint file incident suser=None cat=EP Test policy PE=Policy Engine  TEG-782 
2014-07-29 21:23:14 -- CEF:0|Websense|Data Security|7.8|412067|DLP Syslog|1| act=Blocked duser=ilp@websense.com fname=c:\temp\Test.txt - 294 B msg=Endpoint file incident suser=None cat=EP Test policy PE=Policy Engine  TEG-782 
2014-07-29 21:23:14 -- Script terminated by Ctrl-C
2014-07-29 21:23:14 -- Script fired up 3 times, terminated at 2014-07-29 21:23:14 
2014-07-29 21:23:53 -- Script started
2014-07-29 21:24:06 -- CEF:0|Websense|Data Security|7.8|412074|DLP Syslog|1| act=Blocked duser=ilp@websense.com fname=c:\temp\Test.txt - 294 B msg=Endpoint file incident suser=None cat=EP Test policy PE=Policy Engine  TEG-782 
2014-07-29 21:24:06 -- CEF:0|Websense|Data Security|7.8|411556|DLP Syslog|1| act=Blocked duser=ilp@websense.com fname=c:\temp\Test.txt - 294 B msg=Endpoint file incident suser=None cat=EP Test policy PE=Policy Engine  TEG-782 
2014-07-29 21:24:17 -- CEF:0|Websense|Data Security|7.8|412081|DLP Syslog|1| act=Blocked duser=ilp@websense.com fname=c:\temp\Test.txt - 294 B msg=Endpoint file incident suser=None cat=EP Test policy PE=Policy Engine  TEG-782 
2014-07-29 21:24:17 -- CEF:0|Websense|Data Security|7.8|411563|DLP Syslog|1| act=Blocked duser=ilp@websense.com fname=c:\temp\Test.txt - 294 B msg=Endpoint file incident suser=None cat=EP Test policy PE=Policy Engine  TEG-782 
2014-07-29 21:24:27 -- CEF:0|Websense|Data Security|7.8|412088|DLP Syslog|1| act=Blocked duser=ilp@websense.com fname=c:\temp\Test.txt - 294 B msg=Endpoint file incident suser=None cat=EP Test policy PE=Policy Engine  TEG-782 
2014-07-29 21:24:27 -- CEF:0|Websense|Data Security|7.8|411570|DLP Syslog|1| act=Blocked duser=ilp@websense.com fname=c:\temp\Test.txt - 294 B msg=Endpoint file incident suser=None cat=EP Test policy PE=Policy Engine  TEG-782 
2014-07-29 21:24:27 -- Script terminated by Ctrl-C
2014-07-29 21:24:27 -- Script fired up 3 times, terminated at 2014-07-29 21:24:27 
2014-07-29 21:25:44 -- Script started
2014-07-29 21:25:57 -- CEF:0|Websense|Data Security|7.8|408152|DLP Syslog|1| act=Blocked duser=ilp@websense.com fname=c:\temp\Test.txt - 294 B msg=Endpoint file incident suser=None cat=EP Test policy PE=Policy Engine  TEG-782 
2014-07-29 21:25:57 -- CEF:0|Websense|Data Security|7.8|411391|DLP Syslog|1| act=Blocked duser=ilp@websense.com fname=c:\temp\Test.txt - 294 B msg=Endpoint file incident suser=None cat=EP Test policy PE=Policy Engine  TEG-782 
2014-07-29 21:26:08 -- CEF:0|Websense|Data Security|7.8|408159|DLP Syslog|1| act=Blocked duser=ilp@websense.com fname=c:\temp\Test.txt - 294 B msg=Endpoint file incident suser=None cat=EP Test policy PE=Policy Engine  TEG-782 
2014-07-29 21:26:08 -- CEF:0|Websense|Data Security|7.8|411398|DLP Syslog|1| act=Blocked duser=ilp@websense.com fname=c:\temp\Test.txt - 294 B msg=Endpoint file incident suser=None cat=EP Test policy PE=Policy Engine  TEG-782 
2014-07-29 21:26:18 -- CEF:0|Websense|Data Security|7.8|408166|DLP Syslog|1| act=Blocked duser=ilp@websense.com fname=c:\temp\Test.txt - 294 B msg=Endpoint file incident suser=None cat=EP Test policy PE=Policy Engine  TEG-782 
2014-07-29 21:26:18 -- CEF:0|Websense|Data Security|7.8|411405|DLP Syslog|1| act=Blocked duser=ilp@websense.com fname=c:\temp\Test.txt - 294 B msg=Endpoint file incident suser=None cat=EP Test policy PE=Policy Engine  TEG-782 
2014-07-29 21:26:28 -- CEF:0|Websense|Data Security|7.8|408173|DLP Syslog|1| act=Blocked duser=ilp@websense.com fname=c:\temp\Test.txt - 294 B msg=Endpoint file incident suser=None cat=EP Test policy PE=Policy Engine  TEG-782 
2014-07-29 21:26:28 -- CEF:0|Websense|Data Security|7.8|411412|DLP Syslog|1| act=Blocked duser=ilp@websense.com fname=c:\temp\Test.txt - 294 B msg=Endpoint file incident suser=None cat=EP Test policy PE=Policy Engine  TEG-782 
2014-07-29 21:26:38 -- CEF:0|Websense|Data Security|7.8|408180|DLP Syslog|1| act=Blocked duser=ilp@websense.com fname=c:\temp\Test.txt - 294 B msg=Endpoint file incident suser=None cat=EP Test policy PE=Policy Engine  TEG-782 
2014-07-29 21:26:38 -- CEF:0|Websense|Data Security|7.8|411419|DLP Syslog|1| act=Blocked duser=ilp@websense.com fname=c:\temp\Test.txt - 294 B msg=Endpoint file incident suser=None cat=EP Test policy PE=Policy Engine  TEG-782 
2014-07-29 21:26:49 -- CEF:0|Websense|Data Security|7.8|408187|DLP Syslog|1| act=Blocked duser=ilp@websense.com fname=c:\temp\Test.txt - 294 B msg=Endpoint file incident suser=None cat=EP Test policy PE=Policy Engine  TEG-782 
2014-07-29 21:26:49 -- CEF:0|Websense|Data Security|7.8|411426|DLP Syslog|1| act=Blocked duser=ilp@websense.com fname=c:\temp\Test.txt - 294 B msg=Endpoint file incident suser=None cat=EP Test policy PE=Policy Engine  TEG-782 
2014-07-29 21:26:59 -- CEF:0|Websense|Data Security|7.8|408194|DLP Syslog|1| act=Blocked duser=ilp@websense.com fname=c:\temp\Test.txt - 294 B msg=Endpoint file incident suser=None cat=EP Test policy PE=Policy Engine  TEG-782 
2014-07-29 21:26:59 -- Script terminated by Ctrl-C
2014-07-29 21:26:59 -- Script fired up 7 times, terminated at 2014-07-29 21:26:59 
2014-07-29 21:27:40 -- Script started
2014-07-29 21:28:03 -- Script terminated by Ctrl-C
2014-07-29 21:28:03 -- Script fired up 2 times, terminated at 2014-07-29 21:28:03 
2014-07-29 21:28:36 -- Script started
2014-07-29 21:29:06 -- Script started
2014-07-29 21:29:28 -- Script terminated by Ctrl-C
2014-07-29 21:29:28 -- Script fired up 2 times, terminated at 2014-07-29 21:29:28 
2014-07-29 21:31:43 -- Script started
2014-07-29 21:32:26 -- Script terminated by Ctrl-C
2014-07-29 21:32:26 -- Script fired up 4 times, terminated at 2014-07-29 21:32:37 
2014-07-29 21:38:04 -- Script started
2014-07-29 21:48:20 -- Script started
2014-07-29 21:51:17 -- Script started